[Mon Mar 04 19:47:49.779841 2019] [mpm_prefork:notice] [pid 3098] AH00163: Apache/2.4.7 (Ubuntu) PHP/5.5.9-1ubuntu4.22 configured -- resuming normal operations
[Mon Mar 04 19:47:49.779930 2019] [core:notice] [pid 3098] AH00094: Command line: 'apache2'
[Mon Mar 04 19:53:14.417072 2019] [mpm_prefork:notice] [pid 3098] AH00169: caught SIGTERM, shutting down
[Mon Mar 04 19:53:15.668924 2019] [mpm_prefork:notice] [pid 3711] AH00163: Apache/2.4.7 (Ubuntu) PHP/5.5.9-1ubuntu4.22 configured -- resuming normal operations
[Mon Mar 04 19:53:15.669014 2019] [core:notice] [pid 3711] AH00094: Command line: 'apache2'
[Mon Mar 04 19:57:36.566884 2019] [mpm_prefork:notice] [pid 3711] AH00169: caught SIGTERM, shutting down
[Mon Mar 04 19:57:38.829026 2019] [mpm_prefork:notice] [pid 4250] AH00163: Apache/2.4.7 (Ubuntu) PHP/5.5.9-1ubuntu4.22 configured -- resuming normal operations
[Mon Mar 04 19:57:38.829144 2019] [core:notice] [pid 4250] AH00094: Command line: 'apache2'
[Mon Mar 04 20:15:11.317243 2019] [mpm_prefork:notice] [pid 4250] AH00169: caught SIGTERM, shutting down
[Mon Mar 04 20:15:12.464165 2019] [mpm_prefork:notice] [pid 4816] AH00163: Apache/2.4.7 (Ubuntu) PHP/5.5.9-1ubuntu4.22 configured -- resuming normal operations
[Mon Mar 04 20:15:12.464238 2019] [core:notice] [pid 4816] AH00094: Command line: 'apache2'
[Mon Mar 04 20:15:13.909385 2019] [core:info] [pid 4823] [client 10.240.1.78:41744] AH00128: File does not exist: /home/ubuntu/workspace/main.html
[Mon Mar 04 20:15:15.637419 2019] [core:info] [pid 4824] [client 10.240.1.78:41758] AH00128: File does not exist: /home/ubuntu/workspace/main.html
[Mon Mar 04 20:15:20.049238 2019] [mpm_prefork:notice] [pid 4816] AH00169: caught SIGTERM, shutting down
[Mon Mar 04 20:15:22.162309 2019] [mpm_prefork:notice] [pid 5343] AH00163: Apache/2.4.7 (Ubuntu) PHP/5.5.9-1ubuntu4.22 configured -- resuming normal operations
[Mon Mar 04 20:15:22.162400 2019] [core:notice] [pid 5343] AH00094: Command line: 'apache2'
[Mon Mar 04 20:15:23.642548 2019] [core:info] [pid 5351] [client 10.240.2.147:43322] AH00128: File does not exist: /home/ubuntu/workspace/main.html, referer: https://ide.c9.io/sstuars901/personal-website
[Mon Mar 04 20:15:38.472024 2019] [mpm_prefork:notice] [pid 5343] AH00169: caught SIGTERM, shutting down
[Mon Mar 04 20:15:41.086317 2019] [mpm_prefork:notice] [pid 5872] AH00163: Apache/2.4.7 (Ubuntu) PHP/5.5.9-1ubuntu4.22 configured -- resuming normal operations
[Mon Mar 04 20:15:41.086404 2019] [core:notice] [pid 5872] AH00094: Command line: 'apache2'
[Mon Mar 04 20:18:06.326865 2019] [mpm_prefork:notice] [pid 5872] AH00169: caught SIGTERM, shutting down
[Mon Mar 04 20:18:08.192816 2019] [mpm_prefork:notice] [pid 6417] AH00163: Apache/2.4.7 (Ubuntu) PHP/5.5.9-1ubuntu4.22 configured -- resuming normal operations
[Mon Mar 04 20:18:08.192907 2019] [core:notice] [pid 6417] AH00094: Command line: 'apache2'
[Mon Mar 04 20:25:22.828368 2019] [mpm_prefork:notice] [pid 6417] AH00169: caught SIGTERM, shutting down
[Mon Mar 04 20:25:25.543466 2019] [mpm_prefork:notice] [pid 6973] AH00163: Apache/2.4.7 (Ubuntu) PHP/5.5.9-1ubuntu4.22 configured -- resuming normal operations
[Mon Mar 04 20:25:25.543528 2019] [core:notice] [pid 6973] AH00094: Command line: 'apache2'
[Mon Mar 04 20:27:21.927660 2019] [mpm_prefork:notice] [pid 6973] AH00169: caught SIGTERM, shutting down
[Mon Mar 04 20:27:24.660685 2019] [mpm_prefork:notice] [pid 7505] AH00163: Apache/2.4.7 (Ubuntu) PHP/5.5.9-1ubuntu4.22 configured -- resuming normal operations
[Mon Mar 04 20:27:24.660776 2019] [core:notice] [pid 7505] AH00094: Command line: 'apache2'
[Mon Mar 04 20:29:02.876675 2019] [mpm_prefork:notice] [pid 7505] AH00169: caught SIGTERM, shutting down
[Mon Mar 04 20:29:05.594565 2019] [mpm_prefork:notice] [pid 8036] AH00163: Apache/2.4.7 (Ubuntu) PHP/5.5.9-1ubuntu4.22 configured -- resuming normal operations
[Mon Mar 04 20:29:05.594639 2019] [core:notice] [pid 8036] AH00094: Command line: 'apache2'
[Mon Mar 04 20:29:24.813242 2019] [mpm_prefork:notice] [pid 8036] AH00169: caught SIGTERM, shutting down
[Mon Mar 04 20:29:27.531380 2019] [mpm_prefork:notice] [pid 8569] AH00163: Apache/2.4.7 (Ubuntu) PHP/5.5.9-1ubuntu4.22 configured -- resuming normal operations
[Mon Mar 04 20:29:27.531472 2019] [core:notice] [pid 8569] AH00094: Command line: 'apache2'
[Mon Mar 04 20:29:44.864700 2019] [mpm_prefork:notice] [pid 8569] AH00169: caught SIGTERM, shutting down
[Mon Mar 04 20:29:46.853237 2019] [mpm_prefork:notice] [pid 9102] AH00163: Apache/2.4.7 (Ubuntu) PHP/5.5.9-1ubuntu4.22 configured -- resuming normal operations
[Mon Mar 04 20:29:46.853365 2019] [core:notice] [pid 9102] AH00094: Command line: 'apache2'
[Mon Mar 04 20:29:46.904792 2019] [core:info] [pid 9109] [client 10.240.0.118:53834] AH00128: File does not exist: /home/ubuntu/workspace/main.html, referer: https://ide.c9.io/sstuars901/personal-website
[Mon Mar 04 20:29:48.484865 2019] [core:info] [pid 9110] [client 10.240.0.118:53882] AH00128: File does not exist: /home/ubuntu/workspace/main.html, referer: https://ide.c9.io/sstuars901/personal-website
[Mon Mar 04 20:29:49.076511 2019] [core:info] [pid 9111] [client 10.240.0.118:53888] AH00128: File does not exist: /home/ubuntu/workspace/main.html, referer: https://ide.c9.io/sstuars901/personal-website
[Mon Mar 04 20:29:49.308400 2019] [core:info] [pid 9112] [client 10.240.0.118:53892] AH00128: File does not exist: /home/ubuntu/workspace/main.html, referer: https://ide.c9.io/sstuars901/personal-website
[Mon Mar 04 20:29:49.471123 2019] [core:info] [pid 9113] [client 10.240.0.118:53898] AH00128: File does not exist: /home/ubuntu/workspace/main.html, referer: https://ide.c9.io/sstuars901/personal-website
[Mon Mar 04 20:29:51.442606 2019] [mpm_prefork:notice] [pid 9102] AH00169: caught SIGTERM, shutting down
[Mon Mar 04 20:29:53.435533 2019] [mpm_prefork:notice] [pid 9626] AH00163: Apache/2.4.7 (Ubuntu) PHP/5.5.9-1ubuntu4.22 configured -- resuming normal operations
[Mon Mar 04 20:29:53.435603 2019] [core:notice] [pid 9626] AH00094: Command line: 'apache2'
[Mon Mar 04 20:29:54.103718 2019] [core:info] [pid 9633] [client 10.240.0.118:54200] AH00128: File does not exist: /home/ubuntu/workspace/main.html, referer: https://ide.c9.io/sstuars901/personal-website
[Mon Mar 04 20:29:55.079139 2019] [core:info] [pid 9634] [client 10.240.0.118:54230] AH00128: File does not exist: /home/ubuntu/workspace/main.html, referer: https://ide.c9.io/sstuars901/personal-website
[Mon Mar 04 20:30:08.737975 2019] [mpm_prefork:notice] [pid 9626] AH00169: caught SIGTERM, shutting down
[Mon Mar 04 20:30:12.295263 2019] [mpm_prefork:notice] [pid 10158] AH00163: Apache/2.4.7 (Ubuntu) PHP/5.5.9-1ubuntu4.22 configured -- resuming normal operations
[Mon Mar 04 20:30:12.295350 2019] [core:notice] [pid 10158] AH00094: Command line: 'apache2'
[Mon Mar 04 20:31:26.999054 2019] [mpm_prefork:notice] [pid 10158] AH00169: caught SIGTERM, shutting down
[Mon Mar 04 20:31:29.845772 2019] [mpm_prefork:notice] [pid 10689] AH00163: Apache/2.4.7 (Ubuntu) PHP/5.5.9-1ubuntu4.22 configured -- resuming normal operations
[Mon Mar 04 20:31:29.845886 2019] [core:notice] [pid 10689] AH00094: Command line: 'apache2'
[Mon Mar 04 20:31:57.568520 2019] [mpm_prefork:notice] [pid 10689] AH00169: caught SIGTERM, shutting down
[Mon Mar 04 20:32:00.839053 2019] [mpm_prefork:notice] [pid 11221] AH00163: Apache/2.4.7 (Ubuntu) PHP/5.5.9-1ubuntu4.22 configured -- resuming normal operations
[Mon Mar 04 20:32:00.839123 2019] [core:notice] [pid 11221] AH00094: Command line: 'apache2'
[Mon Mar 04 20:32:16.134391 2019] [mpm_prefork:notice] [pid 11221] AH00169: caught SIGTERM, shutting down
[Mon Mar 04 20:32:19.213247 2019] [mpm_prefork:notice] [pid 11748] AH00163: Apache/2.4.7 (Ubuntu) PHP/5.5.9-1ubuntu4.22 configured -- resuming normal operations
[Mon Mar 04 20:32:19.213314 2019] [core:notice] [pid 11748] AH00094: Command line: 'apache2'
[Wed Mar 06 01:49:28.765411 2019] [core:warn] [pid 2241] AH00098: pid file /home/ubuntu/lib/apache2/run/apache2.pid overwritten -- Unclean shutdown of previous Apache run?
[Wed Mar 06 01:49:28.770760 2019] [mpm_prefork:notice] [pid 2241] AH00163: Apache/2.4.7 (Ubuntu) PHP/5.5.9-1ubuntu4.22 configured -- resuming normal operations
[Wed Mar 06 01:49:28.770809 2019] [core:notice] [pid 2241] AH00094: Command line: 'apache2'
[Wed Mar 06 01:49:31.294016 2019] [core:info] [pid 2254] [client 10.240.0.231:57008] AH00128: File does not exist: /home/ubuntu/workspace/favicon.ico, referer: https://personal-website-sstuars901.c9users.io/index.html
[Wed Mar 06 02:06:35.280629 2019] [mpm_prefork:notice] [pid 2241] AH00169: caught SIGTERM, shutting down
[Wed Mar 06 02:06:37.326458 2019] [mpm_prefork:notice] [pid 2883] AH00163: Apache/2.4.7 (Ubuntu) PHP/5.5.9-1ubuntu4.22 configured -- resuming normal operations
[Wed Mar 06 02:06:37.326544 2019] [core:notice] [pid 2883] AH00094: Command line: 'apache2'
[Wed Mar 06 02:07:24.415143 2019] [mpm_prefork:notice] [pid 2883] AH00169: caught SIGTERM, shutting down
[Wed Mar 06 02:07:26.343501 2019] [mpm_prefork:notice] [pid 3417] AH00163: Apache/2.4.7 (Ubuntu) PHP/5.5.9-1ubuntu4.22 configured -- resuming normal operations
[Wed Mar 06 02:07:26.343602 2019] [core:notice] [pid 3417] AH00094: Command line: 'apache2'
[Wed Mar 06 02:07:54.686710 2019] [mpm_prefork:notice] [pid 3417] AH00169: caught SIGTERM, shutting down
[Wed Mar 06 02:07:56.691664 2019] [mpm_prefork:notice] [pid 3950] AH00163: Apache/2.4.7 (Ubuntu) PHP/5.5.9-1ubuntu4.22 configured -- resuming normal operations
[Wed Mar 06 02:07:56.691739 2019] [core:notice] [pid 3950] AH00094: Command line: 'apache2'
[Wed Mar 06 02:09:38.766247 2019] [mpm_prefork:notice] [pid 3950] AH00169: caught SIGTERM, shutting down
[Wed Mar 06 02:09:40.888595 2019] [mpm_prefork:notice] [pid 4482] AH00163: Apache/2.4.7 (Ubuntu) PHP/5.5.9-1ubuntu4.22 configured -- resuming normal operations
[Wed Mar 06 02:09:40.888700 2019] [core:notice] [pid 4482] AH00094: Command line: 'apache2'
[Wed Mar 06 02:12:39.429522 2019] [mpm_prefork:notice] [pid 4482] AH00169: caught SIGTERM, shutting down
[Wed Mar 06 02:12:41.271686 2019] [mpm_prefork:notice] [pid 5014] AH00163: Apache/2.4.7 (Ubuntu) PHP/5.5.9-1ubuntu4.22 configured -- resuming normal operations
[Wed Mar 06 02:12:41.271762 2019] [core:notice] [pid 5014] AH00094: Command line: 'apache2'
[Wed Mar 06 02:13:15.798929 2019] [mpm_prefork:notice] [pid 5014] AH00169: caught SIGTERM, shutting down
[Wed Mar 06 02:13:17.947916 2019] [mpm_prefork:notice] [pid 5545] AH00163: Apache/2.4.7 (Ubuntu) PHP/5.5.9-1ubuntu4.22 configured -- resuming normal operations
[Wed Mar 06 02:13:17.948021 2019] [core:notice] [pid 5545] AH00094: Command line: 'apache2'
[Wed Mar 06 02:14:32.753360 2019] [mpm_prefork:notice] [pid 5545] AH00169: caught SIGTERM, shutting down
[Wed Mar 06 02:14:34.950297 2019] [mpm_prefork:notice] [pid 6075] AH00163: Apache/2.4.7 (Ubuntu) PHP/5.5.9-1ubuntu4.22 configured -- resuming normal operations
[Wed Mar 06 02:14:34.950383 2019] [core:notice] [pid 6075] AH00094: Command line: 'apache2'
[Wed Mar 06 02:15:00.613758 2019] [mpm_prefork:notice] [pid 6075] AH00169: caught SIGTERM, shutting down
[Wed Mar 06 02:15:02.639240 2019] [mpm_prefork:notice] [pid 6605] AH00163: Apache/2.4.7 (Ubuntu) PHP/5.5.9-1ubuntu4.22 configured -- resuming normal operations
[Wed Mar 06 02:15:02.639331 2019] [core:notice] [pid 6605] AH00094: Command line: 'apache2'
[Wed Mar 06 02:15:10.607256 2019] [mpm_prefork:notice] [pid 6605] AH00169: caught SIGTERM, shutting down
[Wed Mar 06 02:15:12.632880 2019] [mpm_prefork:notice] [pid 7133] AH00163: Apache/2.4.7 (Ubuntu) PHP/5.5.9-1ubuntu4.22 configured -- resuming normal operations
[Wed Mar 06 02:15:12.632963 2019] [core:notice] [pid 7133] AH00094: Command line: 'apache2'
[Wed Mar 06 02:18:35.048418 2019] [mpm_prefork:notice] [pid 7133] AH00169: caught SIGTERM, shutting down
[Wed Mar 06 02:18:37.484697 2019] [mpm_prefork:notice] [pid 7669] AH00163: Apache/2.4.7 (Ubuntu) PHP/5.5.9-1ubuntu4.22 configured -- resuming normal operations
[Wed Mar 06 02:18:37.484774 2019] [core:notice] [pid 7669] AH00094: Command line: 'apache2'
[Wed Mar 06 02:19:24.772099 2019] [mpm_prefork:notice] [pid 7669] AH00169: caught SIGTERM, shutting down
[Wed Mar 06 02:19:26.979739 2019] [mpm_prefork:notice] [pid 8200] AH00163: Apache/2.4.7 (Ubuntu) PHP/5.5.9-1ubuntu4.22 configured -- resuming normal operations
[Wed Mar 06 02:19:26.979865 2019] [core:notice] [pid 8200] AH00094: Command line: 'apache2'
[Wed Mar 06 02:19:58.975841 2019] [mpm_prefork:notice] [pid 8200] AH00169: caught SIGTERM, shutting down
[Wed Mar 06 02:20:01.326992 2019] [mpm_prefork:notice] [pid 8729] AH00163: Apache/2.4.7 (Ubuntu) PHP/5.5.9-1ubuntu4.22 configured -- resuming normal operations
[Wed Mar 06 02:20:01.327079 2019] [core:notice] [pid 8729] AH00094: Command line: 'apache2'
[Wed Mar 06 02:20:46.607799 2019] [mpm_prefork:notice] [pid 8729] AH00169: caught SIGTERM, shutting down
[Wed Mar 06 02:20:48.452302 2019] [mpm_prefork:notice] [pid 9259] AH00163: Apache/2.4.7 (Ubuntu) PHP/5.5.9-1ubuntu4.22 configured -- resuming normal operations
[Wed Mar 06 02:20:48.452394 2019] [core:notice] [pid 9259] AH00094: Command line: 'apache2'
[Wed Mar 06 02:21:10.880781 2019] [mpm_prefork:notice] [pid 9259] AH00169: caught SIGTERM, shutting down
[Wed Mar 06 02:21:12.701798 2019] [mpm_prefork:notice] [pid 9789] AH00163: Apache/2.4.7 (Ubuntu) PHP/5.5.9-1ubuntu4.22 configured -- resuming normal operations
[Wed Mar 06 02:21:12.701882 2019] [core:notice] [pid 9789] AH00094: Command line: 'apache2'
[Wed Mar 06 02:22:37.640579 2019] [mpm_prefork:notice] [pid 9789] AH00169: caught SIGTERM, shutting down
[Wed Mar 06 02:22:39.706136 2019] [mpm_prefork:notice] [pid 10323] AH00163: Apache/2.4.7 (Ubuntu) PHP/5.5.9-1ubuntu4.22 configured -- resuming normal operations
[Wed Mar 06 02:22:39.706215 2019] [core:notice] [pid 10323] AH00094: Command line: 'apache2'
[Wed Mar 06 02:22:56.243510 2019] [mpm_prefork:notice] [pid 10323] AH00169: caught SIGTERM, shutting down
[Wed Mar 06 02:22:58.279349 2019] [mpm_prefork:notice] [pid 10851] AH00163: Apache/2.4.7 (Ubuntu) PHP/5.5.9-1ubuntu4.22 configured -- resuming normal operations
[Wed Mar 06 02:22:58.279441 2019] [core:notice] [pid 10851] AH00094: Command line: 'apache2'
[Wed Mar 06 02:25:23.197260 2019] [mpm_prefork:notice] [pid 10851] AH00169: caught SIGTERM, shutting down
[Wed Mar 06 02:25:25.172050 2019] [mpm_prefork:notice] [pid 11382] AH00163: Apache/2.4.7 (Ubuntu) PHP/5.5.9-1ubuntu4.22 configured -- resuming normal operations
[Wed Mar 06 02:25:25.172136 2019] [core:notice] [pid 11382] AH00094: Command line: 'apache2'
[Wed Mar 06 02:26:05.588458 2019] [mpm_prefork:notice] [pid 11382] AH00169: caught SIGTERM, shutting down
[Wed Mar 06 02:26:07.624233 2019] [mpm_prefork:notice] [pid 11911] AH00163: Apache/2.4.7 (Ubuntu) PHP/5.5.9-1ubuntu4.22 configured -- resuming normal operations
[Wed Mar 06 02:26:07.624346 2019] [core:notice] [pid 11911] AH00094: Command line: 'apache2'
[Wed Mar 06 02:26:21.881907 2019] [mpm_prefork:notice] [pid 11911] AH00169: caught SIGTERM, shutting down
[Wed Mar 06 02:26:23.764042 2019] [mpm_prefork:notice] [pid 12440] AH00163: Apache/2.4.7 (Ubuntu) PHP/5.5.9-1ubuntu4.22 configured -- resuming normal operations
[Wed Mar 06 02:26:23.764105 2019] [core:notice] [pid 12440] AH00094: Command line: 'apache2'
[Wed Mar 06 02:26:41.833492 2019] [mpm_prefork:notice] [pid 12440] AH00169: caught SIGTERM, shutting down
[Wed Mar 06 02:26:43.767238 2019] [mpm_prefork:notice] [pid 12971] AH00163: Apache/2.4.7 (Ubuntu) PHP/5.5.9-1ubuntu4.22 configured -- resuming normal operations
[Wed Mar 06 02:26:43.767355 2019] [core:notice] [pid 12971] AH00094: Command line: 'apache2'
[Wed Mar 06 02:26:52.954969 2019] [mpm_prefork:notice] [pid 12971] AH00169: caught SIGTERM, shutting down
[Wed Mar 06 02:26:54.980768 2019] [mpm_prefork:notice] [pid 13497] AH00163: Apache/2.4.7 (Ubuntu) PHP/5.5.9-1ubuntu4.22 configured -- resuming normal operations
[Wed Mar 06 02:26:54.980849 2019] [core:notice] [pid 13497] AH00094: Command line: 'apache2'
[Wed Mar 06 02:28:45.512300 2019] [mpm_prefork:notice] [pid 13497] AH00169: caught SIGTERM, shutting down
[Wed Mar 06 02:28:47.587260 2019] [mpm_prefork:notice] [pid 14028] AH00163: Apache/2.4.7 (Ubuntu) PHP/5.5.9-1ubuntu4.22 configured -- resuming normal operations
[Wed Mar 06 02:28:47.587357 2019] [core:notice] [pid 14028] AH00094: Command line: 'apache2'
[Wed Mar 06 02:29:19.960940 2019] [mpm_prefork:notice] [pid 14028] AH00169: caught SIGTERM, shutting down
[Wed Mar 06 02:29:22.041757 2019] [mpm_prefork:notice] [pid 14557] AH00163: Apache/2.4.7 (Ubuntu) PHP/5.5.9-1ubuntu4.22 configured -- resuming normal operations
[Wed Mar 06 02:29:22.041839 2019] [core:notice] [pid 14557] AH00094: Command line: 'apache2'
[Wed Mar 06 02:31:44.825853 2019] [mpm_prefork:notice] [pid 14557] AH00169: caught SIGTERM, shutting down
[Wed Mar 06 02:31:46.903213 2019] [mpm_prefork:notice] [pid 15091] AH00163: Apache/2.4.7 (Ubuntu) PHP/5.5.9-1ubuntu4.22 configured -- resuming normal operations
[Wed Mar 06 02:31:46.903306 2019] [core:notice] [pid 15091] AH00094: Command line: 'apache2'
[Wed Mar 06 02:32:07.158970 2019] [mpm_prefork:notice] [pid 15091] AH00169: caught SIGTERM, shutting down
[Wed Mar 06 02:32:08.954305 2019] [mpm_prefork:notice] [pid 15621] AH00163: Apache/2.4.7 (Ubuntu) PHP/5.5.9-1ubuntu4.22 configured -- resuming normal operations
[Wed Mar 06 02:32:08.954413 2019] [core:notice] [pid 15621] AH00094: Command line: 'apache2'
[Wed Mar 06 14:49:13.055089 2019] [core:warn] [pid 2734] AH00098: pid file /home/ubuntu/lib/apache2/run/apache2.pid overwritten -- Unclean shutdown of previous Apache run?
[Wed Mar 06 14:49:13.068193 2019] [mpm_prefork:notice] [pid 2734] AH00163: Apache/2.4.7 (Ubuntu) PHP/5.5.9-1ubuntu4.22 configured -- resuming normal operations
[Wed Mar 06 14:49:13.068291 2019] [core:notice] [pid 2734] AH00094: Command line: 'apache2'
[Wed Mar 06 14:49:17.030809 2019] [core:info] [pid 2747] [client 10.240.1.78:43162] AH00128: File does not exist: /home/ubuntu/workspace/favicon.ico, referer: https://personal-website-sstuars901.c9users.io/index.html
[Wed Mar 06 16:58:25.821614 2019] [mpm_prefork:notice] [pid 2734] AH00169: caught SIGTERM, shutting down
[Wed Mar 06 16:58:27.777104 2019] [mpm_prefork:notice] [pid 4421] AH00163: Apache/2.4.7 (Ubuntu) PHP/5.5.9-1ubuntu4.22 configured -- resuming normal operations
[Wed Mar 06 16:58:27.777174 2019] [core:notice] [pid 4421] AH00094: Command line: 'apache2'
[Wed Mar 06 16:58:45.766141 2019] [mpm_prefork:notice] [pid 4421] AH00169: caught SIGTERM, shutting down
[Wed Mar 06 16:58:48.046763 2019] [mpm_prefork:notice] [pid 4958] AH00163: Apache/2.4.7 (Ubuntu) PHP/5.5.9-1ubuntu4.22 configured -- resuming normal operations
[Wed Mar 06 16:58:48.046873 2019] [core:notice] [pid 4958] AH00094: Command line: 'apache2'
[Wed Mar 06 16:59:03.411789 2019] [mpm_prefork:notice] [pid 4958] AH00169: caught SIGTERM, shutting down
[Wed Mar 06 16:59:06.511582 2019] [mpm_prefork:notice] [pid 5487] AH00163: Apache/2.4.7 (Ubuntu) PHP/5.5.9-1ubuntu4.22 configured -- resuming normal operations
[Wed Mar 06 16:59:06.511687 2019] [core:notice] [pid 5487] AH00094: Command line: 'apache2'
[Wed Mar 06 16:59:53.602570 2019] [mpm_prefork:notice] [pid 5487] AH00169: caught SIGTERM, shutting down
[Wed Mar 06 16:59:55.679788 2019] [mpm_prefork:notice] [pid 6017] AH00163: Apache/2.4.7 (Ubuntu) PHP/5.5.9-1ubuntu4.22 configured -- resuming normal operations
[Wed Mar 06 16:59:55.679897 2019] [core:notice] [pid 6017] AH00094: Command line: 'apache2'
[Wed Mar 06 17:00:08.564127 2019] [mpm_prefork:notice] [pid 6017] AH00169: caught SIGTERM, shutting down
[Wed Mar 06 17:00:16.283162 2019] [mpm_prefork:notice] [pid 6545] AH00163: Apache/2.4.7 (Ubuntu) PHP/5.5.9-1ubuntu4.22 configured -- resuming normal operations
[Wed Mar 06 17:00:16.283227 2019] [core:notice] [pid 6545] AH00094: Command line: 'apache2'
[Wed Mar 06 17:00:22.646232 2019] [mpm_prefork:notice] [pid 6545] AH00169: caught SIGTERM, shutting down
[Wed Mar 06 17:00:24.720302 2019] [mpm_prefork:notice] [pid 7072] AH00163: Apache/2.4.7 (Ubuntu) PHP/5.5.9-1ubuntu4.22 configured -- resuming normal operations
[Wed Mar 06 17:00:24.720400 2019] [core:notice] [pid 7072] AH00094: Command line: 'apache2'
[Wed Mar 06 17:00:28.648935 2019] [mpm_prefork:notice] [pid 7072] AH00169: caught SIGTERM, shutting down
[Wed Mar 06 17:00:30.654054 2019] [mpm_prefork:notice] [pid 7598] AH00163: Apache/2.4.7 (Ubuntu) PHP/5.5.9-1ubuntu4.22 configured -- resuming normal operations
[Wed Mar 06 17:00:30.654179 2019] [core:notice] [pid 7598] AH00094: Command line: 'apache2'
[Wed Mar 06 17:02:07.870885 2019] [mpm_prefork:notice] [pid 7598] AH00169: caught SIGTERM, shutting down
[Wed Mar 06 17:02:09.910704 2019] [mpm_prefork:notice] [pid 8137] AH00163: Apache/2.4.7 (Ubuntu) PHP/5.5.9-1ubuntu4.22 configured -- resuming normal operations
[Wed Mar 06 17:02:09.910803 2019] [core:notice] [pid 8137] AH00094: Command line: 'apache2'
[Wed Mar 06 17:02:54.052097 2019] [mpm_prefork:notice] [pid 8137] AH00169: caught SIGTERM, shutting down
[Wed Mar 06 17:02:56.486250 2019] [mpm_prefork:notice] [pid 8671] AH00163: Apache/2.4.7 (Ubuntu) PHP/5.5.9-1ubuntu4.22 configured -- resuming normal operations
[Wed Mar 06 17:02:56.486330 2019] [core:notice] [pid 8671] AH00094: Command line: 'apache2'
[Wed Mar 06 17:03:21.047264 2019] [mpm_prefork:notice] [pid 8671] AH00169: caught SIGTERM, shutting down
[Wed Mar 06 17:03:23.046831 2019] [mpm_prefork:notice] [pid 9201] AH00163: Apache/2.4.7 (Ubuntu) PHP/5.5.9-1ubuntu4.22 configured -- resuming normal operations
[Wed Mar 06 17:03:23.046943 2019] [core:notice] [pid 9201] AH00094: Command line: 'apache2'
[Wed Mar 06 17:04:10.268216 2019] [mpm_prefork:notice] [pid 9201] AH00169: caught SIGTERM, shutting down
[Wed Mar 06 17:04:13.833981 2019] [mpm_prefork:notice] [pid 9732] AH00163: Apache/2.4.7 (Ubuntu) PHP/5.5.9-1ubuntu4.22 configured -- resuming normal operations
[Wed Mar 06 17:04:13.834060 2019] [core:notice] [pid 9732] AH00094: Command line: 'apache2'
[Wed Mar 06 17:05:13.400366 2019] [mpm_prefork:notice] [pid 9732] AH00169: caught SIGTERM, shutting down
[Wed Mar 06 17:05:16.403727 2019] [mpm_prefork:notice] [pid 10267] AH00163: Apache/2.4.7 (Ubuntu) PHP/5.5.9-1ubuntu4.22 configured -- resuming normal operations
[Wed Mar 06 17:05:16.403796 2019] [core:notice] [pid 10267] AH00094: Command line: 'apache2'
[Wed Mar 06 17:07:16.142043 2019] [mpm_prefork:notice] [pid 10267] AH00169: caught SIGTERM, shutting down
[Wed Mar 06 17:07:18.512474 2019] [mpm_prefork:notice] [pid 10801] AH00163: Apache/2.4.7 (Ubuntu) PHP/5.5.9-1ubuntu4.22 configured -- resuming normal operations
[Wed Mar 06 17:07:18.512550 2019] [core:notice] [pid 10801] AH00094: Command line: 'apache2'
[Wed Mar 06 17:09:38.726066 2019] [mpm_prefork:notice] [pid 10801] AH00169: caught SIGTERM, shutting down
[Wed Mar 06 17:09:41.303466 2019] [mpm_prefork:notice] [pid 11332] AH00163: Apache/2.4.7 (Ubuntu) PHP/5.5.9-1ubuntu4.22 configured -- resuming normal operations
[Wed Mar 06 17:09:41.303567 2019] [core:notice] [pid 11332] AH00094: Command line: 'apache2'
[Wed Mar 06 17:09:50.345157 2019] [mpm_prefork:notice] [pid 11332] AH00169: caught SIGTERM, shutting down
[Wed Mar 06 17:09:53.266170 2019] [mpm_prefork:notice] [pid 11861] AH00163: Apache/2.4.7 (Ubuntu) PHP/5.5.9-1ubuntu4.22 configured -- resuming normal operations
[Wed Mar 06 17:09:53.266243 2019] [core:notice] [pid 11861] AH00094: Command line: 'apache2'
[Wed Mar 06 17:10:23.266003 2019] [mpm_prefork:notice] [pid 11861] AH00169: caught SIGTERM, shutting down
[Wed Mar 06 17:10:26.435386 2019] [mpm_prefork:notice] [pid 12394] AH00163: Apache/2.4.7 (Ubuntu) PHP/5.5.9-1ubuntu4.22 configured -- resuming normal operations
[Wed Mar 06 17:10:26.435457 2019] [core:notice] [pid 12394] AH00094: Command line: 'apache2'
[Wed Mar 06 17:13:45.158501 2019] [mpm_prefork:notice] [pid 12394] AH00169: caught SIGTERM, shutting down
[Wed Mar 06 17:13:47.389008 2019] [mpm_prefork:notice] [pid 12928] AH00163: Apache/2.4.7 (Ubuntu) PHP/5.5.9-1ubuntu4.22 configured -- resuming normal operations
[Wed Mar 06 17:13:47.389090 2019] [core:notice] [pid 12928] AH00094: Command line: 'apache2'
[Wed Mar 06 17:13:58.765222 2019] [mpm_prefork:notice] [pid 12928] AH00169: caught SIGTERM, shutting down
[Wed Mar 06 17:14:00.876867 2019] [mpm_prefork:notice] [pid 13457] AH00163: Apache/2.4.7 (Ubuntu) PHP/5.5.9-1ubuntu4.22 configured -- resuming normal operations
[Wed Mar 06 17:14:00.876947 2019] [core:notice] [pid 13457] AH00094: Command line: 'apache2'
[Wed Mar 06 17:15:37.272963 2019] [mpm_prefork:notice] [pid 13457] AH00169: caught SIGTERM, shutting down
[Wed Mar 06 17:15:40.435969 2019] [mpm_prefork:notice] [pid 13986] AH00163: Apache/2.4.7 (Ubuntu) PHP/5.5.9-1ubuntu4.22 configured -- resuming normal operations
[Wed Mar 06 17:15:40.436038 2019] [core:notice] [pid 13986] AH00094: Command line: 'apache2'
[Wed Mar 06 17:17:32.287941 2019] [mpm_prefork:notice] [pid 13986] AH00169: caught SIGTERM, shutting down
[Wed Mar 06 17:17:35.471540 2019] [mpm_prefork:notice] [pid 14516] AH00163: Apache/2.4.7 (Ubuntu) PHP/5.5.9-1ubuntu4.22 configured -- resuming normal operations
[Wed Mar 06 17:17:35.471626 2019] [core:notice] [pid 14516] AH00094: Command line: 'apache2'
[Wed Mar 06 17:17:58.521110 2019] [mpm_prefork:notice] [pid 14516] AH00169: caught SIGTERM, shutting down
[Wed Mar 06 17:18:00.616344 2019] [mpm_prefork:notice] [pid 15045] AH00163: Apache/2.4.7 (Ubuntu) PHP/5.5.9-1ubuntu4.22 configured -- resuming normal operations
[Wed Mar 06 17:18:00.616426 2019] [core:notice] [pid 15045] AH00094: Command line: 'apache2'
[Wed Mar 06 19:01:25.607135 2019] [mpm_prefork:notice] [pid 15045] AH00169: caught SIGTERM, shutting down
[Wed Mar 06 19:01:29.483853 2019] [mpm_prefork:notice] [pid 16601] AH00163: Apache/2.4.7 (Ubuntu) PHP/5.5.9-1ubuntu4.22 configured -- resuming normal operations
[Wed Mar 06 19:01:29.483931 2019] [core:notice] [pid 16601] AH00094: Command line: 'apache2'
[Wed Mar 06 19:03:24.132646 2019] [mpm_prefork:notice] [pid 16601] AH00169: caught SIGTERM, shutting down
[Wed Mar 06 19:03:26.064019 2019] [mpm_prefork:notice] [pid 17132] AH00163: Apache/2.4.7 (Ubuntu) PHP/5.5.9-1ubuntu4.22 configured -- resuming normal operations
[Wed Mar 06 19:03:26.064103 2019] [core:notice] [pid 17132] AH00094: Command line: 'apache2'
[Wed Mar 06 19:04:30.815171 2019] [mpm_prefork:notice] [pid 17132] AH00169: caught SIGTERM, shutting down
[Wed Mar 06 19:04:32.753607 2019] [mpm_prefork:notice] [pid 17662] AH00163: Apache/2.4.7 (Ubuntu) PHP/5.5.9-1ubuntu4.22 configured -- resuming normal operations
[Wed Mar 06 19:04:32.753684 2019] [core:notice] [pid 17662] AH00094: Command line: 'apache2'
[Wed Mar 06 19:04:57.552139 2019] [mpm_prefork:notice] [pid 17662] AH00169: caught SIGTERM, shutting down
[Wed Mar 06 19:04:59.495699 2019] [mpm_prefork:notice] [pid 18191] AH00163: Apache/2.4.7 (Ubuntu) PHP/5.5.9-1ubuntu4.22 configured -- resuming normal operations
[Wed Mar 06 19:04:59.495768 2019] [core:notice] [pid 18191] AH00094: Command line: 'apache2'
[Wed Mar 06 19:06:21.851126 2019] [mpm_prefork:notice] [pid 18191] AH00169: caught SIGTERM, shutting down
[Wed Mar 06 19:06:24.583269 2019] [mpm_prefork:notice] [pid 18720] AH00163: Apache/2.4.7 (Ubuntu) PHP/5.5.9-1ubuntu4.22 configured -- resuming normal operations
[Wed Mar 06 19:06:24.583380 2019] [core:notice] [pid 18720] AH00094: Command line: 'apache2'
[Wed Mar 06 19:13:37.810817 2019] [mpm_prefork:notice] [pid 18720] AH00169: caught SIGTERM, shutting down
[Wed Mar 06 19:13:40.484791 2019] [mpm_prefork:notice] [pid 19251] AH00163: Apache/2.4.7 (Ubuntu) PHP/5.5.9-1ubuntu4.22 configured -- resuming normal operations
[Wed Mar 06 19:13:40.484881 2019] [core:notice] [pid 19251] AH00094: Command line: 'apache2'
[Wed Mar 06 19:14:12.032003 2019] [mpm_prefork:notice] [pid 19251] AH00169: caught SIGTERM, shutting down
[Wed Mar 06 19:14:14.507260 2019] [mpm_prefork:notice] [pid 19785] AH00163: Apache/2.4.7 (Ubuntu) PHP/5.5.9-1ubuntu4.22 configured -- resuming normal operations
[Wed Mar 06 19:14:14.507339 2019] [core:notice] [pid 19785] AH00094: Command line: 'apache2'
[Wed Mar 06 19:14:46.141355 2019] [mpm_prefork:notice] [pid 19785] AH00169: caught SIGTERM, shutting down
[Wed Mar 06 19:14:48.190041 2019] [mpm_prefork:notice] [pid 20315] AH00163: Apache/2.4.7 (Ubuntu) PHP/5.5.9-1ubuntu4.22 configured -- resuming normal operations
[Wed Mar 06 19:14:48.190146 2019] [core:notice] [pid 20315] AH00094: Command line: 'apache2'
[Wed Mar 06 19:36:18.913010 2019] [mpm_prefork:notice] [pid 20315] AH00169: caught SIGTERM, shutting down
[Wed Mar 06 19:36:23.774811 2019] [mpm_prefork:notice] [pid 21345] AH00163: Apache/2.4.7 (Ubuntu) PHP/5.5.9-1ubuntu4.22 configured -- resuming normal operations
[Wed Mar 06 19:36:23.774905 2019] [core:notice] [pid 21345] AH00094: Command line: 'apache2'
[Wed Mar 06 19:36:31.032701 2019] [core:info] [pid 21355] [client 10.240.1.21:43240] AH00128: File does not exist: /home/ubuntu/workspace/favicon.ico
[Wed Mar 06 19:36:31.170260 2019] [core:info] [pid 21356] [client 10.240.1.21:43242] AH00128: File does not exist: /home/ubuntu/workspace/favicon.ico
[Wed Mar 06 19:36:31.184226 2019] [core:info] [pid 21352] [client 10.240.0.171:38052] AH00128: File does not exist: /home/ubuntu/workspace/favicon.ico
[Wed Mar 06 19:42:01.364867 2019] [mpm_prefork:notice] [pid 21345] AH00169: caught SIGTERM, shutting down
[Wed Mar 06 19:42:03.461060 2019] [mpm_prefork:notice] [pid 21885] AH00163: Apache/2.4.7 (Ubuntu) PHP/5.5.9-1ubuntu4.22 configured -- resuming normal operations
[Wed Mar 06 19:42:03.461136 2019] [core:notice] [pid 21885] AH00094: Command line: 'apache2'
[Wed Mar 06 19:45:49.934893 2019] [core:info] [pid 21896] [client 10.240.0.231:54880] AH00128: File does not exist: /home/ubuntu/workspace/main.html, referer: https://ide.c9.io/sstuars901/personal-website
[Wed Mar 06 19:45:50.924116 2019] [core:info] [pid 21892] [client 10.240.0.231:54900] AH00128: File does not exist: /home/ubuntu/workspace/main.html, referer: https://ide.c9.io/sstuars901/personal-website
[Wed Mar 06 19:45:52.316534 2019] [core:info] [pid 21893] [client 10.240.1.78:36258] AH00128: File does not exist: /home/ubuntu/workspace/main.html, referer: https://ide.c9.io/sstuars901/personal-website
[Wed Mar 06 19:45:53.327107 2019] [core:info] [pid 21894] [client 10.240.0.231:54944] AH00128: File does not exist: /home/ubuntu/workspace/main.html, referer: https://ide.c9.io/sstuars901/personal-website
[Wed Mar 06 19:52:12.423632 2019] [mpm_prefork:notice] [pid 21885] AH00169: caught SIGTERM, shutting down
[Wed Mar 06 19:52:14.451203 2019] [mpm_prefork:notice] [pid 22423] AH00163: Apache/2.4.7 (Ubuntu) PHP/5.5.9-1ubuntu4.22 configured -- resuming normal operations
[Wed Mar 06 19:52:14.451309 2019] [core:notice] [pid 22423] AH00094: Command line: 'apache2'
[Wed Mar 06 19:55:35.603641 2019] [mpm_prefork:notice] [pid 22423] AH00169: caught SIGTERM, shutting down
[Wed Mar 06 19:55:37.512756 2019] [mpm_prefork:notice] [pid 22947] AH00163: Apache/2.4.7 (Ubuntu) PHP/5.5.9-1ubuntu4.22 configured -- resuming normal operations
[Wed Mar 06 19:55:37.512823 2019] [core:notice] [pid 22947] AH00094: Command line: 'apache2'
[Wed Mar 06 19:55:37.799151 2019] [core:info] [pid 22956] [client 10.240.1.78:42152] AH00128: File does not exist: /home/ubuntu/workspace/home.html, referer: https://personal-website-sstuars901.c9users.io/index.html
[Wed Mar 06 19:55:52.484611 2019] [core:info] [pid 22958] [client 10.240.0.249:34510] AH00128: File does not exist: /home/ubuntu/workspace/home.html, referer: https://personal-website-sstuars901.c9users.io/index.html
[Wed Mar 06 19:56:12.572793 2019] [mpm_prefork:notice] [pid 22947] AH00169: caught SIGTERM, shutting down
[Wed Mar 06 19:56:14.556544 2019] [mpm_prefork:notice] [pid 23470] AH00163: Apache/2.4.7 (Ubuntu) PHP/5.5.9-1ubuntu4.22 configured -- resuming normal operations
[Wed Mar 06 19:56:14.556638 2019] [core:notice] [pid 23470] AH00094: Command line: 'apache2'
[Wed Mar 06 19:56:14.928876 2019] [core:info] [pid 23478] [client 10.240.0.249:34754] AH00128: File does not exist: /home/ubuntu/workspace/home.html, referer: https://personal-website-sstuars901.c9users.io/index.html
[Wed Mar 06 19:56:17.872096 2019] [core:info] [pid 23478] [client 10.240.1.78:42622] AH00128: File does not exist: /home/ubuntu/workspace/home.html, referer: https://personal-website-sstuars901.c9users.io/index.html
[Wed Mar 06 20:01:23.678213 2019] [mpm_prefork:notice] [pid 23470] AH00169: caught SIGTERM, shutting down
[Wed Mar 06 20:01:25.730862 2019] [mpm_prefork:notice] [pid 23997] AH00163: Apache/2.4.7 (Ubuntu) PHP/5.5.9-1ubuntu4.22 configured -- resuming normal operations
[Wed Mar 06 20:01:25.730942 2019] [core:notice] [pid 23997] AH00094: Command line: 'apache2'
[Wed Mar 06 20:01:26.698394 2019] [core:info] [pid 24006] [client 10.240.1.10:43552] AH00128: File does not exist: /home/ubuntu/workspace/home.html, referer: https://personal-website-sstuars901.c9users.io/index.html
[Wed Mar 06 20:03:14.706622 2019] [core:info] [pid 24008] [client 10.240.0.71:42408] AH00128: File does not exist: /home/ubuntu/workspace/home.html, referer: https://personal-website-sstuars901.c9users.io/index.html
[Wed Mar 06 20:03:34.751799 2019] [core:info] [pid 24007] [client 10.240.0.231:40816] AH00128: File does not exist: /home/ubuntu/workspace/home.html, referer: https://personal-website-sstuars901.c9users.io/index.html
[Wed Mar 06 20:06:39.247014 2019] [core:info] [pid 24007] [client 10.240.0.249:44002] AH00128: File does not exist: /home/ubuntu/workspace/home.html, referer: https://personal-website-sstuars901.c9users.io/index.html
[Wed Mar 06 20:06:43.099043 2019] [core:info] [pid 24008] [client 10.240.0.249:44064] AH00128: File does not exist: /home/ubuntu/workspace/home.html, referer: https://personal-website-sstuars901.c9users.io/index.html
[Wed Mar 06 20:06:57.399455 2019] [core:info] [pid 24007] [client 10.240.0.249:44204] AH00128: File does not exist: /home/ubuntu/workspace/home.html, referer: https://personal-website-sstuars901.c9users.io/index.html
[Wed Mar 06 20:07:19.411254 2019] [core:info] [pid 24008] [client 10.240.0.233:38114] AH00128: File does not exist: /home/ubuntu/workspace/home.html, referer: https://personal-website-sstuars901.c9users.io/index.html
[Wed Mar 06 20:08:20.090355 2019] [core:info] [pid 24008] [client 10.240.0.118:56996] AH00128: File does not exist: /home/ubuntu/workspace/home.html, referer: https://personal-website-sstuars901.c9users.io/index.html
[Wed Mar 06 20:10:31.256430 2019] [core:info] [pid 24007] [client 10.240.0.249:47158] AH00128: File does not exist: /home/ubuntu/workspace/home.html, referer: https://personal-website-sstuars901.c9users.io/index.html
[Wed Mar 06 20:10:39.751683 2019] [mpm_prefork:notice] [pid 23997] AH00169: caught SIGTERM, shutting down
[Wed Mar 06 20:10:42.583943 2019] [mpm_prefork:notice] [pid 26689] AH00163: Apache/2.4.7 (Ubuntu) PHP/5.5.9-1ubuntu4.22 configured -- resuming normal operations
[Wed Mar 06 20:10:42.584015 2019] [core:notice] [pid 26689] AH00094: Command line: 'apache2'
[Wed Mar 06 20:10:43.532373 2019] [core:info] [pid 26699] [client 10.240.2.147:54596] AH00128: File does not exist: /home/ubuntu/workspace/home.html, referer: https://personal-website-sstuars901.c9users.io/index.html
[Wed Mar 06 20:29:40.358557 2019] [mpm_prefork:notice] [pid 26689] AH00169: caught SIGTERM, shutting down
[Wed Mar 06 20:29:42.346706 2019] [mpm_prefork:notice] [pid 27225] AH00163: Apache/2.4.7 (Ubuntu) PHP/5.5.9-1ubuntu4.22 configured -- resuming normal operations
[Wed Mar 06 20:29:42.346788 2019] [core:notice] [pid 27225] AH00094: Command line: 'apache2'
[Wed Mar 06 20:29:43.661169 2019] [core:info] [pid 27236] [client 10.240.0.68:60298] AH00128: File does not exist: /home/ubuntu/workspace/home.html, referer: https://personal-website-sstuars901.c9users.io/index.html
[Wed Mar 06 20:35:53.781294 2019] [core:info] [pid 27235] [client 10.240.1.78:49874] AH00128: File does not exist: /home/ubuntu/workspace/home.html, referer: https://personal-website-sstuars901.c9users.io/index.html
[Wed Mar 06 20:37:08.016287 2019] [core:info] [pid 27235] [client 10.240.1.78:52464] AH00128: File does not exist: /home/ubuntu/workspace/home.html, referer: https://personal-website-sstuars901.c9users.io/index.html
[Wed Mar 06 20:38:28.828071 2019] [core:info] [pid 27235] [client 10.240.0.207:58134] AH00128: File does not exist: /home/ubuntu/workspace/home.html, referer: https://personal-website-sstuars901.c9users.io/index.html
[Wed Mar 06 20:38:52.951455 2019] [core:info] [pid 27235] [client 10.240.0.207:58416] AH00128: File does not exist: /home/ubuntu/workspace/home.html, referer: https://personal-website-sstuars901.c9users.io/index.html
[Wed Mar 06 20:43:10.977417 2019] [mpm_prefork:notice] [pid 27225] AH00169: caught SIGTERM, shutting down
[Wed Mar 06 20:43:14.073201 2019] [mpm_prefork:notice] [pid 29926] AH00163: Apache/2.4.7 (Ubuntu) PHP/5.5.9-1ubuntu4.22 configured -- resuming normal operations
[Wed Mar 06 20:43:14.073292 2019] [core:notice] [pid 29926] AH00094: Command line: 'apache2'
[Wed Mar 06 20:43:16.197920 2019] [core:info] [pid 29936] [client 10.240.0.118:60026] AH00128: File does not exist: /home/ubuntu/workspace/home.html, referer: https://personal-website-sstuars901.c9users.io/index.html
[Wed Mar 06 20:45:24.218813 2019] [core:info] [pid 29938] [client 10.240.0.118:34056] AH00128: File does not exist: /home/ubuntu/workspace/home.html, referer: https://personal-website-sstuars901.c9users.io/index.html
[Wed Mar 06 20:45:55.331162 2019] [core:info] [pid 29938] [client 10.240.0.68:43744] AH00128: File does not exist: /home/ubuntu/workspace/home.html, referer: https://personal-website-sstuars901.c9users.io/index.html
[Wed Mar 06 20:46:34.902245 2019] [mpm_prefork:notice] [pid 29926] AH00169: caught SIGTERM, shutting down
[Wed Mar 06 20:46:36.817737 2019] [mpm_prefork:notice] [pid 31311] AH00163: Apache/2.4.7 (Ubuntu) PHP/5.5.9-1ubuntu4.22 configured -- resuming normal operations
[Wed Mar 06 20:46:36.817826 2019] [core:notice] [pid 31311] AH00094: Command line: 'apache2'
[Wed Mar 06 20:47:01.357157 2019] [core:info] [pid 31322] [client 10.240.1.21:39316] AH00128: File does not exist: /home/ubuntu/workspace/home.html, referer: https://personal-website-sstuars901.c9users.io/index.html
[Wed Mar 06 20:48:10.146740 2019] [core:info] [pid 31322] [client 10.240.1.60:42936] AH00128: File does not exist: /home/ubuntu/workspace/home.html, referer: https://personal-website-sstuars901.c9users.io/index.html
[Wed Mar 06 20:48:31.668346 2019] [core:info] [pid 31322] [client 10.240.0.118:37218] AH00128: File does not exist: /home/ubuntu/workspace/home.html, referer: https://personal-website-sstuars901.c9users.io/index.html
[Wed Mar 06 20:48:45.527896 2019] [core:info] [pid 31322] [client 10.240.0.118:37412] AH00128: File does not exist: /home/ubuntu/workspace/home.html, referer: https://personal-website-sstuars901.c9users.io/index.html
[Wed Mar 06 20:48:58.692834 2019] [core:info] [pid 31322] [client 10.240.1.60:43742] AH00128: File does not exist: /home/ubuntu/workspace/home.html, referer: https://personal-website-sstuars901.c9users.io/index.html
[Wed Mar 06 20:49:17.325667 2019] [core:info] [pid 31322] [client 10.240.1.21:40934] AH00128: File does not exist: /home/ubuntu/workspace/home.html, referer: https://personal-website-sstuars901.c9users.io/index.html
[Wed Mar 06 20:49:37.949701 2019] [core:info] [pid 31321] [client 10.240.1.21:41324] AH00128: File does not exist: /home/ubuntu/workspace/home.html, referer: https://personal-website-sstuars901.c9users.io/index.html
[Wed Mar 06 20:50:09.337973 2019] [core:info] [pid 31322] [client 10.240.0.233:43422] AH00128: File does not exist: /home/ubuntu/workspace/home.html, referer: https://personal-website-sstuars901.c9users.io/index.html
[Wed Mar 06 20:54:51.382397 2019] [core:info] [pid 31322] [client 10.240.0.118:42182] AH00128: File does not exist: /home/ubuntu/workspace/home.html, referer: https://personal-website-sstuars901.c9users.io/index.html
[Wed Mar 06 20:55:17.630468 2019] [core:info] [pid 31322] [client 10.240.0.207:40552] AH00128: File does not exist: /home/ubuntu/workspace/home.html, referer: https://personal-website-sstuars901.c9users.io/index.html
[Wed Mar 06 20:56:23.067857 2019] [core:info] [pid 31322] [client 10.240.1.10:57782] AH00128: File does not exist: /home/ubuntu/workspace/home.html, referer: https://personal-website-sstuars901.c9users.io/index.html
[Wed Mar 06 20:58:23.445475 2019] [core:info] [pid 31322] [client 10.240.0.71:55096] AH00128: File does not exist: /home/ubuntu/workspace/home.html, referer: https://personal-website-sstuars901.c9users.io/index.html
[Wed Mar 06 20:58:35.581174 2019] [core:info] [pid 31322] [client 10.240.0.68:51738] AH00128: File does not exist: /home/ubuntu/workspace/home.html, referer: https://personal-website-sstuars901.c9users.io/index.html
[Wed Mar 06 20:58:55.124572 2019] [core:info] [pid 31322] [client 10.240.2.147:33370] AH00128: File does not exist: /home/ubuntu/workspace/home.html, referer: https://personal-website-sstuars901.c9users.io/index.html
[Wed Mar 06 20:59:17.892931 2019] [core:info] [pid 31322] [client 10.240.0.231:50880] AH00128: File does not exist: /home/ubuntu/workspace/home.html, referer: https://personal-website-sstuars901.c9users.io/index.html
[Wed Mar 06 21:00:29.215652 2019] [mpm_prefork:notice] [pid 31311] AH00169: caught SIGTERM, shutting down
[Wed Mar 06 21:00:32.020429 2019] [mpm_prefork:notice] [pid 39596] AH00163: Apache/2.4.7 (Ubuntu) PHP/5.5.9-1ubuntu4.22 configured -- resuming normal operations
[Wed Mar 06 21:00:32.020513 2019] [core:notice] [pid 39596] AH00094: Command line: 'apache2'
[Wed Mar 06 21:00:32.594909 2019] [core:info] [pid 39607] [client 10.240.0.233:50244] AH00128: File does not exist: /home/ubuntu/workspace/home.html, referer: https://personal-website-sstuars901.c9users.io/index.html
[Wed Mar 06 21:00:49.549285 2019] [core:info] [pid 39607] [client 10.240.1.21:48974] AH00128: File does not exist: /home/ubuntu/workspace/home.html, referer: https://personal-website-sstuars901.c9users.io/index.html
[Wed Mar 06 21:01:07.063844 2019] [mpm_prefork:notice] [pid 39596] AH00169: caught SIGTERM, shutting down
[Wed Mar 06 21:01:09.121654 2019] [mpm_prefork:notice] [pid 40977] AH00163: Apache/2.4.7 (Ubuntu) PHP/5.5.9-1ubuntu4.22 configured -- resuming normal operations
[Wed Mar 06 21:01:09.121736 2019] [core:notice] [pid 40977] AH00094: Command line: 'apache2'
[Fri Mar 08 01:02:59.047743 2019] [core:warn] [pid 6226] AH00098: pid file /home/ubuntu/lib/apache2/run/apache2.pid overwritten -- Unclean shutdown of previous Apache run?
[Fri Mar 08 01:02:59.055276 2019] [mpm_prefork:notice] [pid 6226] AH00163: Apache/2.4.7 (Ubuntu) PHP/5.5.9-1ubuntu4.22 configured -- resuming normal operations
[Fri Mar 08 01:02:59.055318 2019] [core:notice] [pid 6226] AH00094: Command line: 'apache2'
[Fri Mar 08 01:03:02.447737 2019] [core:info] [pid 6243] [client 10.240.1.60:56932] AH00128: File does not exist: /home/ubuntu/workspace/home.html, referer: https://personal-website-sstuars901.c9users.io/index.html
[Fri Mar 08 01:03:04.835048 2019] [core:info] [pid 6239] [client 10.240.1.10:40048] AH00128: File does not exist: /home/ubuntu/workspace/tips.html, referer: https://personal-website-sstuars901.c9users.io/index.html
[Fri Mar 08 01:03:09.974642 2019] [core:info] [pid 6242] [client 10.240.0.249:55096] AH00128: File does not exist: /home/ubuntu/workspace/home.html, referer: https://personal-website-sstuars901.c9users.io/index.html
[Fri Mar 08 01:03:12.982355 2019] [core:info] [pid 6243] [client 10.240.1.10:40136] AH00128: File does not exist: /home/ubuntu/workspace/home.html, referer: https://personal-website-sstuars901.c9users.io/index.html
[Fri Mar 08 01:03:46.207128 2019] [mpm_prefork:notice] [pid 6226] AH00169: caught SIGTERM, shutting down
[Fri Mar 08 01:03:47.479444 2019] [mpm_prefork:notice] [pid 6838] AH00163: Apache/2.4.7 (Ubuntu) PHP/5.5.9-1ubuntu4.22 configured -- resuming normal operations
[Fri Mar 08 01:03:47.479535 2019] [core:notice] [pid 6838] AH00094: Command line: 'apache2'
[Fri Mar 08 01:03:47.706995 2019] [core:info] [pid 6846] [client 10.240.0.207:37016] AH00128: File does not exist: /home/ubuntu/workspace/home.html, referer: https://personal-website-sstuars901.c9users.io/index.html
[Fri Mar 08 01:03:49.233346 2019] [core:info] [pid 6847] [client 10.240.0.249:55556] AH00128: File does not exist: /home/ubuntu/workspace/tips.html, referer: https://personal-website-sstuars901.c9users.io/index.html
[Fri Mar 08 01:03:52.298527 2019] [core:info] [pid 6848] [client 10.240.0.249:55586] AH00128: File does not exist: /home/ubuntu/workspace/home.html, referer: https://personal-website-sstuars901.c9users.io/index.html
[Fri Mar 08 01:05:26.796559 2019] [mpm_prefork:notice] [pid 6838] AH00169: caught SIGTERM, shutting down
[Fri Mar 08 01:05:28.094135 2019] [mpm_prefork:notice] [pid 7363] AH00163: Apache/2.4.7 (Ubuntu) PHP/5.5.9-1ubuntu4.22 configured -- resuming normal operations
[Fri Mar 08 01:05:28.094256 2019] [core:notice] [pid 7363] AH00094: Command line: 'apache2'
[Fri Mar 08 01:05:28.426433 2019] [core:info] [pid 7370] [client 10.240.1.21:40484] AH00128: File does not exist: /home/ubuntu/workspace/home.html, referer: https://personal-website-sstuars901.c9users.io/index.html
[Fri Mar 08 01:05:29.526542 2019] [core:info] [pid 7371] [client 10.240.2.147:49956] AH00128: File does not exist: /home/ubuntu/workspace/home.html, referer: https://personal-website-sstuars901.c9users.io/index.html
[Fri Mar 08 01:05:31.968504 2019] [core:info] [pid 7373] [client 10.240.0.249:56800] AH00128: File does not exist: /home/ubuntu/workspace/home.html, referer: https://personal-website-sstuars901.c9users.io/index.html
[Fri Mar 08 01:05:37.772955 2019] [core:info] [pid 7370] [client 10.240.0.171:44522] AH00128: File does not exist: /home/ubuntu/workspace/tips.html, referer: https://personal-website-sstuars901.c9users.io/index.html
[Fri Mar 08 01:05:40.700569 2019] [core:info] [pid 7371] [client 10.240.0.207:38302] AH00128: File does not exist: /home/ubuntu/workspace/home.html, referer: https://personal-website-sstuars901.c9users.io/index.html
[Fri Mar 08 01:06:05.248070 2019] [mpm_prefork:notice] [pid 7363] AH00169: caught SIGTERM, shutting down
[Fri Mar 08 01:06:07.212730 2019] [mpm_prefork:notice] [pid 8184] AH00163: Apache/2.4.7 (Ubuntu) PHP/5.5.9-1ubuntu4.22 configured -- resuming normal operations
[Fri Mar 08 01:06:07.212807 2019] [core:notice] [pid 8184] AH00094: Command line: 'apache2'
[Fri Mar 08 01:08:54.149598 2019] [mpm_prefork:notice] [pid 8184] AH00169: caught SIGTERM, shutting down
[Fri Mar 08 01:08:57.836920 2019] [mpm_prefork:notice] [pid 8713] AH00163: Apache/2.4.7 (Ubuntu) PHP/5.5.9-1ubuntu4.22 configured -- resuming normal operations
[Fri Mar 08 01:08:57.836985 2019] [core:notice] [pid 8713] AH00094: Command line: 'apache2'
[Fri Mar 08 01:09:51.424503 2019] [mpm_prefork:notice] [pid 8713] AH00169: caught SIGTERM, shutting down
[Fri Mar 08 01:09:52.670814 2019] [mpm_prefork:notice] [pid 9235] AH00163: Apache/2.4.7 (Ubuntu) PHP/5.5.9-1ubuntu4.22 configured -- resuming normal operations
[Fri Mar 08 01:09:52.670908 2019] [core:notice] [pid 9235] AH00094: Command line: 'apache2'
[Fri Mar 08 01:10:03.625872 2019] [mpm_prefork:notice] [pid 9235] AH00169: caught SIGTERM, shutting down
[Fri Mar 08 01:10:05.688782 2019] [mpm_prefork:notice] [pid 9762] AH00163: Apache/2.4.7 (Ubuntu) PHP/5.5.9-1ubuntu4.22 configured -- resuming normal operations
[Fri Mar 08 01:10:05.688922 2019] [core:notice] [pid 9762] AH00094: Command line: 'apache2'
[Fri Mar 08 01:11:25.561729 2019] [mpm_prefork:notice] [pid 9762] AH00169: caught SIGTERM, shutting down
[Fri Mar 08 01:11:27.814543 2019] [mpm_prefork:notice] [pid 10302] AH00163: Apache/2.4.7 (Ubuntu) PHP/5.5.9-1ubuntu4.22 configured -- resuming normal operations
[Fri Mar 08 01:11:27.814619 2019] [core:notice] [pid 10302] AH00094: Command line: 'apache2'
[Fri Mar 08 01:12:10.843918 2019] [mpm_prefork:notice] [pid 10302] AH00169: caught SIGTERM, shutting down
[Fri Mar 08 01:12:12.997019 2019] [mpm_prefork:notice] [pid 10832] AH00163: Apache/2.4.7 (Ubuntu) PHP/5.5.9-1ubuntu4.22 configured -- resuming normal operations
[Fri Mar 08 01:12:12.997097 2019] [core:notice] [pid 10832] AH00094: Command line: 'apache2'
[Fri Mar 08 01:12:26.365176 2019] [mpm_prefork:notice] [pid 10832] AH00169: caught SIGTERM, shutting down
[Fri Mar 08 01:12:33.439700 2019] [mpm_prefork:notice] [pid 11371] AH00163: Apache/2.4.7 (Ubuntu) PHP/5.5.9-1ubuntu4.22 configured -- resuming normal operations
[Fri Mar 08 01:12:33.439787 2019] [core:notice] [pid 11371] AH00094: Command line: 'apache2'
[Fri Mar 08 01:13:34.313111 2019] [mpm_prefork:notice] [pid 11371] AH00169: caught SIGTERM, shutting down
[Fri Mar 08 01:13:36.879686 2019] [mpm_prefork:notice] [pid 11903] AH00163: Apache/2.4.7 (Ubuntu) PHP/5.5.9-1ubuntu4.22 configured -- resuming normal operations
[Fri Mar 08 01:13:36.879767 2019] [core:notice] [pid 11903] AH00094: Command line: 'apache2'
[Fri Mar 08 01:14:09.516309 2019] [mpm_prefork:notice] [pid 11903] AH00169: caught SIGTERM, shutting down
[Fri Mar 08 01:14:10.662973 2019] [mpm_prefork:notice] [pid 12423] AH00163: Apache/2.4.7 (Ubuntu) PHP/5.5.9-1ubuntu4.22 configured -- resuming normal operations
[Fri Mar 08 01:14:10.663049 2019] [core:notice] [pid 12423] AH00094: Command line: 'apache2'
[Fri Mar 08 01:15:50.673406 2019] [mpm_prefork:notice] [pid 12423] AH00169: caught SIGTERM, shutting down
[Fri Mar 08 01:15:52.573831 2019] [mpm_prefork:notice] [pid 12960] AH00163: Apache/2.4.7 (Ubuntu) PHP/5.5.9-1ubuntu4.22 configured -- resuming normal operations
[Fri Mar 08 01:15:52.573919 2019] [core:notice] [pid 12960] AH00094: Command line: 'apache2'
[Fri Mar 08 01:16:45.075687 2019] [mpm_prefork:notice] [pid 12960] AH00169: caught SIGTERM, shutting down
[Fri Mar 08 01:16:48.807499 2019] [mpm_prefork:notice] [pid 13491] AH00163: Apache/2.4.7 (Ubuntu) PHP/5.5.9-1ubuntu4.22 configured -- resuming normal operations
[Fri Mar 08 01:16:48.807570 2019] [core:notice] [pid 13491] AH00094: Command line: 'apache2'
[Fri Mar 08 01:17:12.078649 2019] [mpm_prefork:notice] [pid 13491] AH00169: caught SIGTERM, shutting down
[Fri Mar 08 01:17:15.040723 2019] [mpm_prefork:notice] [pid 14021] AH00163: Apache/2.4.7 (Ubuntu) PHP/5.5.9-1ubuntu4.22 configured -- resuming normal operations
[Fri Mar 08 01:17:15.040793 2019] [core:notice] [pid 14021] AH00094: Command line: 'apache2'
[Fri Mar 08 01:21:06.365368 2019] [mpm_prefork:notice] [pid 14021] AH00169: caught SIGTERM, shutting down
[Fri Mar 08 01:21:09.993390 2019] [mpm_prefork:notice] [pid 15449] AH00163: Apache/2.4.7 (Ubuntu) PHP/5.5.9-1ubuntu4.22 configured -- resuming normal operations
[Fri Mar 08 01:21:09.993464 2019] [core:notice] [pid 15449] AH00094: Command line: 'apache2'
[Fri Mar 08 01:22:28.969955 2019] [mpm_prefork:notice] [pid 15449] AH00169: caught SIGTERM, shutting down
[Fri Mar 08 01:22:31.798049 2019] [mpm_prefork:notice] [pid 15981] AH00163: Apache/2.4.7 (Ubuntu) PHP/5.5.9-1ubuntu4.22 configured -- resuming normal operations
[Fri Mar 08 01:22:31.798146 2019] [core:notice] [pid 15981] AH00094: Command line: 'apache2'
[Fri Mar 08 01:23:04.535771 2019] [mpm_prefork:notice] [pid 15981] AH00169: caught SIGTERM, shutting down
[Fri Mar 08 01:23:08.012594 2019] [mpm_prefork:notice] [pid 16509] AH00163: Apache/2.4.7 (Ubuntu) PHP/5.5.9-1ubuntu4.22 configured -- resuming normal operations
[Fri Mar 08 01:23:08.012676 2019] [core:notice] [pid 16509] AH00094: Command line: 'apache2'
[Fri Mar 08 01:23:52.939828 2019] [mpm_prefork:notice] [pid 16509] AH00169: caught SIGTERM, shutting down
[Fri Mar 08 01:23:54.832383 2019] [mpm_prefork:notice] [pid 17039] AH00163: Apache/2.4.7 (Ubuntu) PHP/5.5.9-1ubuntu4.22 configured -- resuming normal operations
[Fri Mar 08 01:23:54.832455 2019] [core:notice] [pid 17039] AH00094: Command line: 'apache2'
[Fri Mar 08 01:30:01.254479 2019] [mpm_prefork:notice] [pid 17039] AH00169: caught SIGTERM, shutting down
[Fri Mar 08 01:30:03.294430 2019] [mpm_prefork:notice] [pid 20395] AH00163: Apache/2.4.7 (Ubuntu) PHP/5.5.9-1ubuntu4.22 configured -- resuming normal operations
[Fri Mar 08 01:30:03.294528 2019] [core:notice] [pid 20395] AH00094: Command line: 'apache2'
[Fri Mar 08 01:36:53.884674 2019] [mpm_prefork:notice] [pid 20395] AH00169: caught SIGTERM, shutting down
[Fri Mar 08 01:36:55.938472 2019] [mpm_prefork:notice] [pid 21833] AH00163: Apache/2.4.7 (Ubuntu) PHP/5.5.9-1ubuntu4.22 configured -- resuming normal operations
[Fri Mar 08 01:36:55.938560 2019] [core:notice] [pid 21833] AH00094: Command line: 'apache2'
[Fri Mar 08 01:37:04.381891 2019] [mpm_prefork:notice] [pid 21833] AH00169: caught SIGTERM, shutting down
[Fri Mar 08 01:37:05.674033 2019] [mpm_prefork:notice] [pid 22354] AH00163: Apache/2.4.7 (Ubuntu) PHP/5.5.9-1ubuntu4.22 configured -- resuming normal operations
[Fri Mar 08 01:37:05.674126 2019] [core:notice] [pid 22354] AH00094: Command line: 'apache2'
[Fri Mar 08 01:38:18.325222 2019] [mpm_prefork:notice] [pid 22354] AH00169: caught SIGTERM, shutting down
[Fri Mar 08 01:38:19.495230 2019] [mpm_prefork:notice] [pid 22877] AH00163: Apache/2.4.7 (Ubuntu) PHP/5.5.9-1ubuntu4.22 configured -- resuming normal operations
[Fri Mar 08 01:38:19.495337 2019] [core:notice] [pid 22877] AH00094: Command line: 'apache2'
[Fri Mar 08 01:42:00.385919 2019] [mpm_prefork:notice] [pid 22877] AH00169: caught SIGTERM, shutting down
[Fri Mar 08 01:42:01.541969 2019] [mpm_prefork:notice] [pid 25623] AH00163: Apache/2.4.7 (Ubuntu) PHP/5.5.9-1ubuntu4.22 configured -- resuming normal operations
[Fri Mar 08 01:42:01.542073 2019] [core:notice] [pid 25623] AH00094: Command line: 'apache2'
[Fri Mar 08 01:44:48.497230 2019] [mpm_prefork:notice] [pid 25623] AH00169: caught SIGTERM, shutting down
[Fri Mar 08 01:44:49.681759 2019] [mpm_prefork:notice] [pid 28434] AH00163: Apache/2.4.7 (Ubuntu) PHP/5.5.9-1ubuntu4.22 configured -- resuming normal operations
[Fri Mar 08 01:44:49.681949 2019] [core:notice] [pid 28434] AH00094: Command line: 'apache2'
[Fri Mar 08 01:47:11.933863 2019] [mpm_prefork:notice] [pid 28434] AH00169: caught SIGTERM, shutting down
[Fri Mar 08 01:47:13.956681 2019] [mpm_prefork:notice] [pid 28999] AH00163: Apache/2.4.7 (Ubuntu) PHP/5.5.9-1ubuntu4.22 configured -- resuming normal operations
[Fri Mar 08 01:47:13.956760 2019] [core:notice] [pid 28999] AH00094: Command line: 'apache2'
[Fri Mar 08 01:51:33.265744 2019] [mpm_prefork:notice] [pid 28999] AH00169: caught SIGTERM, shutting down
[Fri Mar 08 01:51:34.432506 2019] [mpm_prefork:notice] [pid 31990] AH00163: Apache/2.4.7 (Ubuntu) PHP/5.5.9-1ubuntu4.22 configured -- resuming normal operations
[Fri Mar 08 01:51:34.432586 2019] [core:notice] [pid 31990] AH00094: Command line: 'apache2'
[Fri Mar 08 02:02:28.203669 2019] [mpm_prefork:notice] [pid 31990] AH00169: caught SIGTERM, shutting down
[Fri Mar 08 02:02:31.121406 2019] [mpm_prefork:notice] [pid 34506] AH00163: Apache/2.4.7 (Ubuntu) PHP/5.5.9-1ubuntu4.22 configured -- resuming normal operations
[Fri Mar 08 02:02:31.121487 2019] [core:notice] [pid 34506] AH00094: Command line: 'apache2'
[Fri Mar 08 02:02:43.344236 2019] [mpm_prefork:notice] [pid 34506] AH00169: caught SIGTERM, shutting down
[Fri Mar 08 02:02:47.113157 2019] [mpm_prefork:notice] [pid 35033] AH00163: Apache/2.4.7 (Ubuntu) PHP/5.5.9-1ubuntu4.22 configured -- resuming normal operations
[Fri Mar 08 02:02:47.113253 2019] [core:notice] [pid 35033] AH00094: Command line: 'apache2'
[Fri Mar 08 02:05:06.054092 2019] [mpm_prefork:notice] [pid 35033] AH00169: caught SIGTERM, shutting down
[Fri Mar 08 02:05:08.535482 2019] [mpm_prefork:notice] [pid 37343] AH00163: Apache/2.4.7 (Ubuntu) PHP/5.5.9-1ubuntu4.22 configured -- resuming normal operations
[Fri Mar 08 02:05:08.535569 2019] [core:notice] [pid 37343] AH00094: Command line: 'apache2'
[Fri Mar 08 02:06:46.216496 2019] [mpm_prefork:notice] [pid 37343] AH00169: caught SIGTERM, shutting down
[Fri Mar 08 02:06:48.524249 2019] [mpm_prefork:notice] [pid 38763] AH00163: Apache/2.4.7 (Ubuntu) PHP/5.5.9-1ubuntu4.22 configured -- resuming normal operations
[Fri Mar 08 02:06:48.524350 2019] [core:notice] [pid 38763] AH00094: Command line: 'apache2'
[Fri Mar 08 02:12:56.789209 2019] [mpm_prefork:notice] [pid 38763] AH00169: caught SIGTERM, shutting down
[Fri Mar 08 02:13:00.078698 2019] [mpm_prefork:notice] [pid 40194] AH00163: Apache/2.4.7 (Ubuntu) PHP/5.5.9-1ubuntu4.22 configured -- resuming normal operations
[Fri Mar 08 02:13:00.078767 2019] [core:notice] [pid 40194] AH00094: Command line: 'apache2'
[Fri Mar 08 02:18:22.060143 2019] [mpm_prefork:notice] [pid 40194] AH00169: caught SIGTERM, shutting down
[Fri Mar 08 02:18:24.094454 2019] [mpm_prefork:notice] [pid 41619] AH00163: Apache/2.4.7 (Ubuntu) PHP/5.5.9-1ubuntu4.22 configured -- resuming normal operations
[Fri Mar 08 02:18:24.094543 2019] [core:notice] [pid 41619] AH00094: Command line: 'apache2'
[Fri Mar 08 02:40:10.277971 2019] [mpm_prefork:notice] [pid 41619] AH00169: caught SIGTERM, shutting down
[Fri Mar 08 02:40:12.128800 2019] [mpm_prefork:notice] [pid 43160] AH00163: Apache/2.4.7 (Ubuntu) PHP/5.5.9-1ubuntu4.22 configured -- resuming normal operations
[Fri Mar 08 02:40:12.128890 2019] [core:notice] [pid 43160] AH00094: Command line: 'apache2'
[Fri Mar 08 02:52:40.646988 2019] [mpm_prefork:notice] [pid 43160] AH00169: caught SIGTERM, shutting down
[Fri Mar 08 02:52:42.628629 2019] [mpm_prefork:notice] [pid 45472] AH00163: Apache/2.4.7 (Ubuntu) PHP/5.5.9-1ubuntu4.22 configured -- resuming normal operations
[Fri Mar 08 02:52:42.628712 2019] [core:notice] [pid 45472] AH00094: Command line: 'apache2'
[Fri Mar 08 02:53:20.615716 2019] [mpm_prefork:notice] [pid 45472] AH00169: caught SIGTERM, shutting down
[Fri Mar 08 02:53:21.877234 2019] [mpm_prefork:notice] [pid 45996] AH00163: Apache/2.4.7 (Ubuntu) PHP/5.5.9-1ubuntu4.22 configured -- resuming normal operations
[Fri Mar 08 02:53:21.877308 2019] [core:notice] [pid 45996] AH00094: Command line: 'apache2'
[Fri Mar 08 02:53:37.380616 2019] [mpm_prefork:notice] [pid 45996] AH00169: caught SIGTERM, shutting down
[Fri Mar 08 02:53:38.532571 2019] [mpm_prefork:notice] [pid 46519] AH00163: Apache/2.4.7 (Ubuntu) PHP/5.5.9-1ubuntu4.22 configured -- resuming normal operations
[Fri Mar 08 02:53:38.532653 2019] [core:notice] [pid 46519] AH00094: Command line: 'apache2'
[Fri Mar 08 04:09:22.370392 2019] [mpm_prefork:notice] [pid 46519] AH00169: caught SIGTERM, shutting down
[Fri Mar 08 04:09:23.663741 2019] [mpm_prefork:notice] [pid 70064] AH00163: Apache/2.4.7 (Ubuntu) PHP/5.5.9-1ubuntu4.22 configured -- resuming normal operations
[Fri Mar 08 04:09:23.663825 2019] [core:notice] [pid 70064] AH00094: Command line: 'apache2'
[Fri Mar 08 14:41:56.069449 2019] [core:warn] [pid 2772] AH00098: pid file /home/ubuntu/lib/apache2/run/apache2.pid overwritten -- Unclean shutdown of previous Apache run?
[Fri Mar 08 14:41:56.073939 2019] [mpm_prefork:notice] [pid 2772] AH00163: Apache/2.4.7 (Ubuntu) PHP/5.5.9-1ubuntu4.22 configured -- resuming normal operations
[Fri Mar 08 14:41:56.073989 2019] [core:notice] [pid 2772] AH00094: Command line: 'apache2'
[Fri Mar 08 19:48:33.140408 2019] [core:warn] [pid 2576] AH00098: pid file /home/ubuntu/lib/apache2/run/apache2.pid overwritten -- Unclean shutdown of previous Apache run?
[Fri Mar 08 19:48:33.145117 2019] [mpm_prefork:notice] [pid 2576] AH00163: Apache/2.4.7 (Ubuntu) PHP/5.5.9-1ubuntu4.22 configured -- resuming normal operations
[Fri Mar 08 19:48:33.145161 2019] [core:notice] [pid 2576] AH00094: Command line: 'apache2'
[Fri Mar 08 19:48:34.655701 2019] [core:info] [pid 2589] [client 10.240.1.78:44970] AH00128: File does not exist: /home/ubuntu/workspace/favicon.ico
[Fri Mar 08 19:59:37.166587 2019] [mpm_prefork:notice] [pid 2576] AH00169: caught SIGTERM, shutting down
[Fri Mar 08 19:59:38.325282 2019] [mpm_prefork:notice] [pid 4085] AH00163: Apache/2.4.7 (Ubuntu) PHP/5.5.9-1ubuntu4.22 configured -- resuming normal operations
[Fri Mar 08 19:59:38.325379 2019] [core:notice] [pid 4085] AH00094: Command line: 'apache2'
[Fri Mar 08 20:14:55.706187 2019] [mpm_prefork:notice] [pid 4085] AH00169: caught SIGTERM, shutting down
[Fri Mar 08 20:14:56.879345 2019] [mpm_prefork:notice] [pid 4609] AH00163: Apache/2.4.7 (Ubuntu) PHP/5.5.9-1ubuntu4.22 configured -- resuming normal operations
[Fri Mar 08 20:14:56.879426 2019] [core:notice] [pid 4609] AH00094: Command line: 'apache2'
[Fri Mar 08 20:49:16.888330 2019] [mpm_prefork:notice] [pid 4609] AH00169: caught SIGTERM, shutting down
[Fri Mar 08 20:49:18.973379 2019] [mpm_prefork:notice] [pid 6032] AH00163: Apache/2.4.7 (Ubuntu) PHP/5.5.9-1ubuntu4.22 configured -- resuming normal operations
[Fri Mar 08 20:49:18.973457 2019] [core:notice] [pid 6032] AH00094: Command line: 'apache2'
[Mon Mar 18 05:53:43.763550 2019] [core:warn] [pid 2864] AH00098: pid file /home/ubuntu/lib/apache2/run/apache2.pid overwritten -- Unclean shutdown of previous Apache run?
[Mon Mar 18 05:53:43.771395 2019] [mpm_prefork:notice] [pid 2864] AH00163: Apache/2.4.7 (Ubuntu) PHP/5.5.9-1ubuntu4.22 configured -- resuming normal operations
[Mon Mar 18 05:53:43.771444 2019] [core:notice] [pid 2864] AH00094: Command line: 'apache2'
[Tue Mar 19 00:10:34.299123 2019] [core:warn] [pid 2501] AH00098: pid file /home/ubuntu/lib/apache2/run/apache2.pid overwritten -- Unclean shutdown of previous Apache run?
[Tue Mar 19 00:10:34.306739 2019] [mpm_prefork:notice] [pid 2501] AH00163: Apache/2.4.7 (Ubuntu) PHP/5.5.9-1ubuntu4.22 configured -- resuming normal operations
[Tue Mar 19 00:10:34.306798 2019] [core:notice] [pid 2501] AH00094: Command line: 'apache2'
[Tue Mar 19 19:05:41.640429 2019] [core:warn] [pid 4417] AH00098: pid file /home/ubuntu/lib/apache2/run/apache2.pid overwritten -- Unclean shutdown of previous Apache run?
[Tue Mar 19 19:05:41.646032 2019] [mpm_prefork:notice] [pid 4417] AH00163: Apache/2.4.7 (Ubuntu) PHP/5.5.9-1ubuntu4.22 configured -- resuming normal operations
[Tue Mar 19 19:05:41.646083 2019] [core:notice] [pid 4417] AH00094: Command line: 'apache2'
[Tue Mar 19 19:06:22.948642 2019] [mpm_prefork:notice] [pid 4417] AH00169: caught SIGTERM, shutting down
[Tue Mar 19 19:06:24.275338 2019] [mpm_prefork:notice] [pid 4952] AH00163: Apache/2.4.7 (Ubuntu) PHP/5.5.9-1ubuntu4.22 configured -- resuming normal operations
[Tue Mar 19 19:06:24.275419 2019] [core:notice] [pid 4952] AH00094: Command line: 'apache2'
[Tue Mar 19 19:06:28.022914 2019] [core:info] [pid 4960] [client 10.240.0.71:38322] AH00128: File does not exist: /home/ubuntu/workspace/favicon.ico
[Tue Mar 19 19:07:10.385313 2019] [:error] [pid 4962] [client 10.240.0.171:49830] script '/home/ubuntu/workspace/ExampleForms.php' not found or unable to stat, referer: https://personal-website-sstuars901.c9users.io/ExampleForms.html
[Tue Mar 19 19:08:24.860383 2019] [:error] [pid 4959] [client 10.240.0.118:48520] script '/home/ubuntu/workspace/ExampleForms.php' not found or unable to stat, referer: https://personal-website-sstuars901.c9users.io/ExampleForms.html
[Tue Mar 19 19:08:33.689695 2019] [mpm_prefork:notice] [pid 4952] AH00169: caught SIGTERM, shutting down
[Tue Mar 19 19:08:34.856348 2019] [mpm_prefork:notice] [pid 5520] AH00163: Apache/2.4.7 (Ubuntu) PHP/5.5.9-1ubuntu4.22 configured -- resuming normal operations
[Tue Mar 19 19:08:34.856439 2019] [core:notice] [pid 5520] AH00094: Command line: 'apache2'
[Tue Mar 19 19:08:49.479331 2019] [:error] [pid 5528] [client 10.240.1.21:38532] script '/home/ubuntu/workspace/ExampleForms.php' not found or unable to stat, referer: https://personal-website-sstuars901.c9users.io/ExampleForms.html
[Tue Mar 19 19:09:23.097201 2019] [mpm_prefork:notice] [pid 5520] AH00169: caught SIGTERM, shutting down
[Tue Mar 19 19:09:24.271123 2019] [mpm_prefork:notice] [pid 6043] AH00163: Apache/2.4.7 (Ubuntu) PHP/5.5.9-1ubuntu4.22 configured -- resuming normal operations
[Tue Mar 19 19:09:24.271213 2019] [core:notice] [pid 6043] AH00094: Command line: 'apache2'
[Tue Mar 19 19:09:32.853874 2019] [mpm_prefork:notice] [pid 6043] AH00169: caught SIGTERM, shutting down
[Tue Mar 19 19:09:34.081554 2019] [mpm_prefork:notice] [pid 6569] AH00163: Apache/2.4.7 (Ubuntu) PHP/5.5.9-1ubuntu4.22 configured -- resuming normal operations
[Tue Mar 19 19:09:34.081660 2019] [core:notice] [pid 6569] AH00094: Command line: 'apache2'
[Tue Mar 19 19:20:25.447697 2019] [mpm_prefork:notice] [pid 6569] AH00169: caught SIGTERM, shutting down
[Tue Mar 19 19:20:26.681144 2019] [mpm_prefork:notice] [pid 7110] AH00163: Apache/2.4.7 (Ubuntu) PHP/5.5.9-1ubuntu4.22 configured -- resuming normal operations
[Tue Mar 19 19:20:26.681253 2019] [core:notice] [pid 7110] AH00094: Command line: 'apache2'
[Tue Mar 19 19:21:02.095799 2019] [:error] [pid 7118] [client 10.240.2.147:44574] script '/home/ubuntu/workspace/contact.php' not found or unable to stat, referer: https://personal-website-sstuars901.c9users.io/index.html
[Tue Mar 19 19:37:27.088610 2019] [mpm_prefork:notice] [pid 7110] AH00169: caught SIGTERM, shutting down
[Tue Mar 19 19:37:28.260387 2019] [mpm_prefork:notice] [pid 7804] AH00163: Apache/2.4.7 (Ubuntu) PHP/5.5.9-1ubuntu4.22 configured -- resuming normal operations
[Tue Mar 19 19:37:28.260459 2019] [core:notice] [pid 7804] AH00094: Command line: 'apache2'
[Tue Mar 19 19:38:08.269175 2019] [mpm_prefork:notice] [pid 7804] AH00169: caught SIGTERM, shutting down
[Tue Mar 19 19:39:42.243034 2019] [mpm_prefork:notice] [pid 8350] AH00163: Apache/2.4.7 (Ubuntu) PHP/5.5.9-1ubuntu4.22 configured -- resuming normal operations
[Tue Mar 19 19:39:42.243129 2019] [core:notice] [pid 8350] AH00094: Command line: 'apache2'
[Tue Mar 19 19:47:10.504562 2019] [mpm_prefork:notice] [pid 8350] AH00169: caught SIGTERM, shutting down
[Tue Mar 19 19:47:11.665139 2019] [mpm_prefork:notice] [pid 8881] AH00163: Apache/2.4.7 (Ubuntu) PHP/5.5.9-1ubuntu4.22 configured -- resuming normal operations
[Tue Mar 19 19:47:11.665227 2019] [core:notice] [pid 8881] AH00094: Command line: 'apache2'
[Tue Mar 19 19:49:32.464123 2019] [mpm_prefork:notice] [pid 8881] AH00169: caught SIGTERM, shutting down
[Tue Mar 19 19:49:35.299376 2019] [mpm_prefork:notice] [pid 9425] AH00163: Apache/2.4.7 (Ubuntu) PHP/5.5.9-1ubuntu4.22 configured -- resuming normal operations
[Tue Mar 19 19:49:35.299481 2019] [core:notice] [pid 9425] AH00094: Command line: 'apache2'
[Wed Mar 20 01:43:18.801373 2019] [core:warn] [pid 4325] AH00098: pid file /home/ubuntu/lib/apache2/run/apache2.pid overwritten -- Unclean shutdown of previous Apache run?
[Wed Mar 20 01:43:18.807307 2019] [mpm_prefork:notice] [pid 4325] AH00163: Apache/2.4.7 (Ubuntu) PHP/5.5.9-1ubuntu4.22 configured -- resuming normal operations
[Wed Mar 20 01:43:18.807374 2019] [core:notice] [pid 4325] AH00094: Command line: 'apache2'
[Wed Mar 20 01:56:21.623499 2019] [mpm_prefork:notice] [pid 4325] AH00169: caught SIGTERM, shutting down
[Wed Mar 20 01:56:22.792975 2019] [mpm_prefork:notice] [pid 5488] AH00163: Apache/2.4.7 (Ubuntu) PHP/5.5.9-1ubuntu4.22 configured -- resuming normal operations
[Wed Mar 20 01:56:22.793086 2019] [core:notice] [pid 5488] AH00094: Command line: 'apache2'
[Wed Mar 20 02:02:50.243297 2019] [:error] [pid 5498] [client 10.240.0.231:51230] PHP Warning:  readfile(your_file.html): failed to open stream: No such file or directory in /home/ubuntu/workspace/contact.php on line 16, referer: https://personal-website-sstuars901.c9users.io/index.html
[Wed Mar 20 02:04:46.235573 2019] [:error] [pid 5495] [client 10.240.0.71:60220] PHP Warning:  file_get_contents(your_file.html): failed to open stream: No such file or directory in /home/ubuntu/workspace/contact.php on line 16, referer: https://personal-website-sstuars901.c9users.io/index.html
[Wed Mar 20 02:04:58.036789 2019] [mpm_prefork:notice] [pid 5488] AH00169: caught SIGTERM, shutting down
[Wed Mar 20 02:05:00.107223 2019] [mpm_prefork:notice] [pid 6190] AH00163: Apache/2.4.7 (Ubuntu) PHP/5.5.9-1ubuntu4.22 configured -- resuming normal operations
[Wed Mar 20 02:05:00.107347 2019] [core:notice] [pid 6190] AH00094: Command line: 'apache2'
[Wed Mar 20 02:12:51.575932 2019] [:error] [pid 6200] [client 10.240.0.68:34788] PHP Warning:  file_get_contents(server_works.html): failed to open stream: No such file or directory in /home/ubuntu/workspace/contact.php on line 16, referer: https://personal-website-sstuars901.c9users.io/contact.php
[Wed Mar 20 02:13:52.446053 2019] [:error] [pid 6201] [client 10.240.0.171:47736] PHP Warning:  readfile(server_works.html): failed to open stream: No such file or directory in /home/ubuntu/workspace/contact.php on line 16, referer: https://personal-website-sstuars901.c9users.io/contact.php
[Wed Mar 20 17:05:31.050938 2019] [core:warn] [pid 2726] AH00098: pid file /home/ubuntu/lib/apache2/run/apache2.pid overwritten -- Unclean shutdown of previous Apache run?
[Wed Mar 20 17:05:31.055264 2019] [mpm_prefork:notice] [pid 2726] AH00163: Apache/2.4.7 (Ubuntu) PHP/5.5.9-1ubuntu4.22 configured -- resuming normal operations
[Wed Mar 20 17:05:31.055303 2019] [core:notice] [pid 2726] AH00094: Command line: 'apache2'
[Thu Mar 21 18:23:28.823575 2019] [core:warn] [pid 3591] AH00098: pid file /home/ubuntu/lib/apache2/run/apache2.pid overwritten -- Unclean shutdown of previous Apache run?
[Thu Mar 21 18:23:28.828282 2019] [mpm_prefork:notice] [pid 3591] AH00163: Apache/2.4.7 (Ubuntu) PHP/5.5.9-1ubuntu4.22 configured -- resuming normal operations
[Thu Mar 21 18:23:28.828341 2019] [core:notice] [pid 3591] AH00094: Command line: 'apache2'
[Thu Mar 21 19:00:28.383922 2019] [mpm_prefork:notice] [pid 3591] AH00169: caught SIGTERM, shutting down
[Thu Mar 21 19:00:29.554420 2019] [mpm_prefork:notice] [pid 6891] AH00163: Apache/2.4.7 (Ubuntu) PHP/5.5.9-1ubuntu4.22 configured -- resuming normal operations
[Thu Mar 21 19:00:29.554509 2019] [core:notice] [pid 6891] AH00094: Command line: 'apache2'
[Thu Mar 21 19:00:33.224478 2019] [core:info] [pid 6899] [client 10.240.1.10:34596] AH00128: File does not exist: /home/ubuntu/workspace/favicon.ico
[Thu Mar 21 19:13:32.235093 2019] [mpm_prefork:notice] [pid 6891] AH00169: caught SIGTERM, shutting down
[Thu Mar 21 19:13:33.493400 2019] [mpm_prefork:notice] [pid 7784] AH00163: Apache/2.4.7 (Ubuntu) PHP/5.5.9-1ubuntu4.22 configured -- resuming normal operations
[Thu Mar 21 19:13:33.493483 2019] [core:notice] [pid 7784] AH00094: Command line: 'apache2'
[Mon Mar 25 19:37:16.261031 2019] [core:warn] [pid 3391] AH00098: pid file /home/ubuntu/lib/apache2/run/apache2.pid overwritten -- Unclean shutdown of previous Apache run?
[Mon Mar 25 19:37:16.268378 2019] [mpm_prefork:notice] [pid 3391] AH00163: Apache/2.4.7 (Ubuntu) PHP/5.5.9-1ubuntu4.22 configured -- resuming normal operations
[Mon Mar 25 19:37:16.268464 2019] [core:notice] [pid 3391] AH00094: Command line: 'apache2'
[Mon Mar 25 19:37:20.606098 2019] [core:info] [pid 3399] [client 10.240.0.249:33882] AH00128: File does not exist: /home/ubuntu/workspace/favicon.ico
[Mon Mar 25 19:37:29.018180 2019] [mpm_prefork:notice] [pid 3391] AH00169: caught SIGTERM, shutting down
[Mon Mar 25 19:37:30.280792 2019] [mpm_prefork:notice] [pid 3910] AH00163: Apache/2.4.7 (Ubuntu) PHP/5.5.9-1ubuntu4.22 configured -- resuming normal operations
[Mon Mar 25 19:37:30.280890 2019] [core:notice] [pid 3910] AH00094: Command line: 'apache2'
[Wed Mar 27 18:57:08.098660 2019] [core:warn] [pid 4246] AH00098: pid file /home/ubuntu/lib/apache2/run/apache2.pid overwritten -- Unclean shutdown of previous Apache run?
[Wed Mar 27 18:57:08.104930 2019] [mpm_prefork:notice] [pid 4246] AH00163: Apache/2.4.7 (Ubuntu) PHP/5.5.9-1ubuntu4.22 configured -- resuming normal operations
[Wed Mar 27 18:57:08.104989 2019] [core:notice] [pid 4246] AH00094: Command line: 'apache2'
[Fri Apr 19 18:48:34.819278 2019] [core:warn] [pid 5341] AH00098: pid file /home/ubuntu/lib/apache2/run/apache2.pid overwritten -- Unclean shutdown of previous Apache run?
[Fri Apr 19 18:48:34.824743 2019] [mpm_prefork:notice] [pid 5341] AH00163: Apache/2.4.7 (Ubuntu) PHP/5.5.9-1ubuntu4.22 configured -- resuming normal operations
[Fri Apr 19 18:48:34.824805 2019] [core:notice] [pid 5341] AH00094: Command line: 'apache2'
[Fri Apr 19 18:54:02.058354 2019] [core:info] [pid 5372] [client 10.240.0.233:53820] AH00128: File does not exist: /home/ubuntu/workspace/favicon.ico
[Fri Apr 19 19:01:54.864184 2019] [mpm_prefork:notice] [pid 5341] AH00169: caught SIGTERM, shutting down
[Fri Apr 19 19:01:55.983107 2019] [mpm_prefork:notice] [pid 6501] AH00163: Apache/2.4.7 (Ubuntu) PHP/5.5.9-1ubuntu4.22 configured -- resuming normal operations
[Fri Apr 19 19:01:55.983194 2019] [core:notice] [pid 6501] AH00094: Command line: 'apache2'
[Fri Apr 19 19:18:48.251445 2019] [mpm_prefork:notice] [pid 6501] AH00169: caught SIGTERM, shutting down
[Fri Apr 19 19:18:53.033309 2019] [mpm_prefork:notice] [pid 7133] AH00163: Apache/2.4.7 (Ubuntu) PHP/5.5.9-1ubuntu4.22 configured -- resuming normal operations
[Fri Apr 19 19:18:53.033409 2019] [core:notice] [pid 7133] AH00094: Command line: 'apache2'
[Tue Apr 23 18:55:50.148730 2019] [core:warn] [pid 3168] AH00098: pid file /home/ubuntu/lib/apache2/run/apache2.pid overwritten -- Unclean shutdown of previous Apache run?
[Tue Apr 23 18:55:50.152898 2019] [mpm_prefork:notice] [pid 3168] AH00163: Apache/2.4.7 (Ubuntu) PHP/5.5.9-1ubuntu4.22 configured -- resuming normal operations
[Tue Apr 23 18:55:50.152954 2019] [core:notice] [pid 3168] AH00094: Command line: 'apache2'
[Tue Apr 23 18:56:17.918826 2019] [core:info] [pid 3175] [client 10.240.0.68:59416] AH00128: File does not exist: /home/ubuntu/workspace/favicon.ico
[Tue Apr 23 19:21:29.562569 2019] [:error] [pid 3179] [client 10.240.0.171:33692] PHP Parse error:  syntax error, unexpected 'checkInput' (T_STRING), expecting '(' in /home/ubuntu/workspace/pullDataAdmin.php on line 27, referer: https://personal-website-sstuars901.c9users.io/index.html
[Tue Apr 23 19:33:49.968620 2019] [:error] [pid 3176] [client 10.240.0.207:59180] PHP Warning:  mysql_real_escape_string(): Access denied for user 'ubuntu'@'localhost' (using password: NO) in /home/ubuntu/workspace/pullDataAdmin.php on line 30, referer: https://personal-website-sstuars901.c9users.io/index.html
[Tue Apr 23 19:33:49.968709 2019] [:error] [pid 3176] [client 10.240.0.207:59180] PHP Warning:  mysql_real_escape_string(): A link to the server could not be established in /home/ubuntu/workspace/pullDataAdmin.php on line 30, referer: https://personal-website-sstuars901.c9users.io/index.html
[Tue Apr 23 19:34:29.784524 2019] [:error] [pid 3178] [client 10.240.0.171:41876] PHP Warning:  mysql_real_escape_string(): Access denied for user 'ubuntu'@'localhost' (using password: NO) in /home/ubuntu/workspace/pullDataAdmin.php on line 30, referer: https://personal-website-sstuars901.c9users.io/index.html
[Tue Apr 23 19:34:29.784604 2019] [:error] [pid 3178] [client 10.240.0.171:41876] PHP Warning:  mysql_real_escape_string(): A link to the server could not be established in /home/ubuntu/workspace/pullDataAdmin.php on line 30, referer: https://personal-website-sstuars901.c9users.io/index.html
[Tue Apr 23 19:36:26.766737 2019] [:error] [pid 3177] [client 10.240.0.68:60330] PHP Warning:  mysql_real_escape_string(): Access denied for user 'ubuntu'@'localhost' (using password: NO) in /home/ubuntu/workspace/pullDataAdmin.php on line 30, referer: https://personal-website-sstuars901.c9users.io/index.html
[Tue Apr 23 19:36:26.766805 2019] [:error] [pid 3177] [client 10.240.0.68:60330] PHP Warning:  mysql_real_escape_string(): A link to the server could not be established in /home/ubuntu/workspace/pullDataAdmin.php on line 30, referer: https://personal-website-sstuars901.c9users.io/index.html
[Tue Apr 23 19:42:17.405977 2019] [:error] [pid 3179] [client 10.240.1.10:38944] PHP Warning:  mysql_real_escape_string(): Access denied for user 'ubuntu'@'localhost' (using password: NO) in /home/ubuntu/workspace/pullDataAdmin.php on line 30, referer: https://personal-website-sstuars901.c9users.io/index.html
[Tue Apr 23 19:42:17.406074 2019] [:error] [pid 3179] [client 10.240.1.10:38944] PHP Warning:  mysql_real_escape_string(): A link to the server could not be established in /home/ubuntu/workspace/pullDataAdmin.php on line 30, referer: https://personal-website-sstuars901.c9users.io/index.html
[Tue Apr 23 19:43:45.964709 2019] [:error] [pid 3207] [client 10.240.0.207:38014] PHP Warning:  mysql_real_escape_string(): Access denied for user 'ubuntu'@'localhost' (using password: NO) in /home/ubuntu/workspace/pullDataAdmin.php on line 27, referer: https://personal-website-sstuars901.c9users.io/index.html
[Tue Apr 23 19:43:45.964789 2019] [:error] [pid 3207] [client 10.240.0.207:38014] PHP Warning:  mysql_real_escape_string(): A link to the server could not be established in /home/ubuntu/workspace/pullDataAdmin.php on line 27, referer: https://personal-website-sstuars901.c9users.io/index.html
[Thu Apr 25 19:04:44.549304 2019] [core:warn] [pid 3357] AH00098: pid file /home/ubuntu/lib/apache2/run/apache2.pid overwritten -- Unclean shutdown of previous Apache run?
[Thu Apr 25 19:04:44.554224 2019] [mpm_prefork:notice] [pid 3357] AH00163: Apache/2.4.7 (Ubuntu) PHP/5.5.9-1ubuntu4.22 configured -- resuming normal operations
[Thu Apr 25 19:04:44.554290 2019] [core:notice] [pid 3357] AH00094: Command line: 'apache2'
[Thu May 09 15:34:01.791429 2019] [core:warn] [pid 2746] AH00098: pid file /home/ubuntu/lib/apache2/run/apache2.pid overwritten -- Unclean shutdown of previous Apache run?
[Thu May 09 15:34:01.797546 2019] [mpm_prefork:notice] [pid 2746] AH00163: Apache/2.4.7 (Ubuntu) PHP/5.5.9-1ubuntu4.22 configured -- resuming normal operations
[Thu May 09 15:34:01.797605 2019] [core:notice] [pid 2746] AH00094: Command line: 'apache2'
[Thu May 09 15:43:44.311781 2019] [mpm_prefork:notice] [pid 2746] AH00169: caught SIGTERM, shutting down
[Thu May 09 15:43:45.463909 2019] [mpm_prefork:notice] [pid 3367] AH00163: Apache/2.4.7 (Ubuntu) PHP/5.5.9-1ubuntu4.22 configured -- resuming normal operations
[Thu May 09 15:43:45.463987 2019] [core:notice] [pid 3367] AH00094: Command line: 'apache2'
[Thu May 09 15:57:01.495560 2019] [core:info] [pid 3374] [client 10.240.0.71:57920] AH00128: File does not exist: /home/ubuntu/workspace/favicon.ico, referer: https://personal-website-sstuars901.c9users.io/contact.php
[Thu May 09 19:34:59.117452 2019] [mpm_prefork:notice] [pid 3367] AH00169: caught SIGTERM, shutting down
[Thu May 09 19:35:02.337571 2019] [mpm_prefork:notice] [pid 5017] AH00163: Apache/2.4.7 (Ubuntu) PHP/5.5.9-1ubuntu4.22 configured -- resuming normal operations
[Thu May 09 19:35:02.337662 2019] [core:notice] [pid 5017] AH00094: Command line: 'apache2'
[Thu May 09 19:35:07.418368 2019] [core:info] [pid 5024] [client 10.240.2.147:46334] AH00128: File does not exist: /home/ubuntu/workspace/favicon.ico
